2019-09-03 10:02:33 - Array
(
    [route] => mpos/customer/Customer
    [q] => 8df817bccaec4ae0b83e118682929dc5
    [store_id] => 12e0c696a9dc0a65b2b4ddc2257bf96d
)

2019-09-03 10:02:33 - in
2019-09-03 10:02:33 - 541
2019-09-03 10:02:33 - Array
(
)

2019-09-03 10:02:34 - Array
(
    [route] => mpos/customer/Customer
    [q] => 3573dbaf833a471c5f5650ae372ca729
    [store_id] => 12e0c696a9dc0a65b2b4ddc2257bf96d
)

2019-09-03 10:02:34 - in
2019-09-03 10:02:34 - 541
2019-09-03 10:02:34 - Array
(
)

2019-09-03 10:02:36 - Array
(
    [route] => mpos/customer/Customer
    [q] => eca584cbbd5ee3c74b9bbb840ebd7fe6
    [store_id] => 12e0c696a9dc0a65b2b4ddc2257bf96d
)

2019-09-03 10:02:36 - in
2019-09-03 10:02:36 - 541
2019-09-03 10:02:36 - Array
(
)

