2019-09-03 10:03:47 - 108958
2019-09-03 10:03:47 - 541
2019-09-03 10:03:47 - Array
(
    [_id] => MongoId Object
        (
            [$id] => 5d6e3a6f7f8b9aa91c320b83
        )

    [credit] => 11
    [store_id] => 541
    [customer_id] => 108958
    [sid] => 1284
)

2019-09-03 10:03:47 - Array
(
    [_id] => MongoId Object
        (
            [$id] => 5d6e3a6f7f8b9aa91c320b83
        )

    [credit] => 11
    [store_id] => 541
    [customer_id] => 108958
    [sid] => 1284
)

2019-09-03 10:03:58 - 108958
2019-09-03 10:03:58 - 541
2019-09-03 10:03:58 - Array
(
    [_id] => MongoId Object
        (
            [$id] => 5d6e3a6f7f8b9aa91c320b83
        )

    [credit] => 11
    [store_id] => 541
    [customer_id] => 108958
    [sid] => 1284
)

2019-09-03 10:03:58 - Array
(
    [_id] => MongoId Object
        (
            [$id] => 5d6e3a6f7f8b9aa91c320b83
        )

    [credit] => 11
    [store_id] => 541
    [customer_id] => 108958
    [sid] => 1284
)

2019-09-03 10:03:58 - 108958
2019-09-03 10:03:58 - 541
2019-09-03 10:03:58 - Array
(
    [_id] => MongoId Object
        (
            [$id] => 5d6e3a6f7f8b9aa91c320b83
        )

    [credit] => 11
    [store_id] => 541
    [customer_id] => 108958
    [sid] => 1284
)

2019-09-03 10:03:58 - Array
(
    [_id] => MongoId Object
        (
            [$id] => 5d6e3a6f7f8b9aa91c320b83
        )

    [credit] => 11
    [store_id] => 541
    [customer_id] => 108958
    [sid] => 1284
)

2019-09-03 10:05:32 - 108958
2019-09-03 10:05:32 - 541
2019-09-03 10:05:32 - Array
(
    [_id] => MongoId Object
        (
            [$id] => 5d6e3a6f7f8b9aa91c320b83
        )

    [credit] => 11
    [store_id] => 541
    [customer_id] => 108958
    [sid] => 1284
)

2019-09-03 10:05:32 - Array
(
    [_id] => MongoId Object
        (
            [$id] => 5d6e3a6f7f8b9aa91c320b83
        )

    [credit] => 11
    [store_id] => 541
    [customer_id] => 108958
    [sid] => 1284
)

2019-09-03 10:06:09 - 108958
2019-09-03 10:06:09 - 541
2019-09-03 10:06:09 - Array
(
    [_id] => MongoId Object
        (
            [$id] => 5d6e3a6f7f8b9aa91c320b83
        )

    [credit] => 11
    [store_id] => 541
    [customer_id] => 108958
    [sid] => 1284
)

2019-09-03 10:06:09 - Array
(
    [_id] => MongoId Object
        (
            [$id] => 5d6e3a6f7f8b9aa91c320b83
        )

    [credit] => 11
    [store_id] => 541
    [customer_id] => 108958
    [sid] => 1284
)

2019-09-03 10:06:09 - 108958
2019-09-03 10:06:09 - 541
2019-09-03 10:06:09 - Array
(
    [_id] => MongoId Object
        (
            [$id] => 5d6e3a6f7f8b9aa91c320b83
        )

    [credit] => 11
    [store_id] => 541
    [customer_id] => 108958
    [sid] => 1284
)

2019-09-03 10:06:09 - Array
(
    [_id] => MongoId Object
        (
            [$id] => 5d6e3a6f7f8b9aa91c320b83
        )

    [credit] => 11
    [store_id] => 541
    [customer_id] => 108958
    [sid] => 1284
)

2019-09-03 10:13:59 - 108958
2019-09-03 10:13:59 - 541
2019-09-03 10:13:59 - Array
(
    [_id] => MongoId Object
        (
            [$id] => 5d6e3a6f7f8b9aa91c320b83
        )

    [credit] => 11
    [store_id] => 541
    [customer_id] => 108958
    [sid] => 1284
)

2019-09-03 10:13:59 - Array
(
    [_id] => MongoId Object
        (
            [$id] => 5d6e3a6f7f8b9aa91c320b83
        )

    [credit] => 11
    [store_id] => 541
    [customer_id] => 108958
    [sid] => 1284
)

2019-09-03 10:14:01 - 108958
2019-09-03 10:14:01 - 541
2019-09-03 10:14:01 - Array
(
    [_id] => MongoId Object
        (
            [$id] => 5d6e3a6f7f8b9aa91c320b83
        )

    [credit] => 11
    [store_id] => 541
    [customer_id] => 108958
    [sid] => 1284
)

2019-09-03 10:14:01 - Array
(
    [_id] => MongoId Object
        (
            [$id] => 5d6e3a6f7f8b9aa91c320b83
        )

    [credit] => 11
    [store_id] => 541
    [customer_id] => 108958
    [sid] => 1284
)

2019-09-03 10:14:01 - 108958
2019-09-03 10:14:01 - 541
2019-09-03 10:14:01 - Array
(
    [_id] => MongoId Object
        (
            [$id] => 5d6e3a6f7f8b9aa91c320b83
        )

    [credit] => 11
    [store_id] => 541
    [customer_id] => 108958
    [sid] => 1284
)

2019-09-03 10:14:01 - Array
(
    [_id] => MongoId Object
        (
            [$id] => 5d6e3a6f7f8b9aa91c320b83
        )

    [credit] => 11
    [store_id] => 541
    [customer_id] => 108958
    [sid] => 1284
)

2019-09-03 10:14:07 - 108958
2019-09-03 10:14:07 - 541
2019-09-03 10:14:07 - Array
(
    [_id] => MongoId Object
        (
            [$id] => 5d6e3a6f7f8b9aa91c320b83
        )

    [credit] => 11
    [store_id] => 541
    [customer_id] => 108958
    [sid] => 1284
)

2019-09-03 10:14:07 - Array
(
    [_id] => MongoId Object
        (
            [$id] => 5d6e3a6f7f8b9aa91c320b83
        )

    [credit] => 11
    [store_id] => 541
    [customer_id] => 108958
    [sid] => 1284
)

2019-09-03 10:14:12 - 108958
2019-09-03 10:14:12 - 541
2019-09-03 10:14:12 - Array
(
    [_id] => MongoId Object
        (
            [$id] => 5d6e3a6f7f8b9aa91c320b83
        )

    [credit] => 11
    [store_id] => 541
    [customer_id] => 108958
    [sid] => 1284
)

2019-09-03 10:14:12 - Array
(
    [_id] => MongoId Object
        (
            [$id] => 5d6e3a6f7f8b9aa91c320b83
        )

    [credit] => 11
    [store_id] => 541
    [customer_id] => 108958
    [sid] => 1284
)

2019-09-03 10:14:12 - 108958
2019-09-03 10:14:12 - 541
2019-09-03 10:14:12 - Array
(
    [_id] => MongoId Object
        (
            [$id] => 5d6e3a6f7f8b9aa91c320b83
        )

    [credit] => 11
    [store_id] => 541
    [customer_id] => 108958
    [sid] => 1284
)

2019-09-03 10:14:12 - Array
(
    [_id] => MongoId Object
        (
            [$id] => 5d6e3a6f7f8b9aa91c320b83
        )

    [credit] => 11
    [store_id] => 541
    [customer_id] => 108958
    [sid] => 1284
)

2019-09-03 10:14:16 - 108958
2019-09-03 10:14:16 - 541
2019-09-03 10:14:16 - Array
(
    [_id] => MongoId Object
        (
            [$id] => 5d6e3a6f7f8b9aa91c320b83
        )

    [credit] => 11
    [store_id] => 541
    [customer_id] => 108958
    [sid] => 1284
)

2019-09-03 10:14:16 - Array
(
    [_id] => MongoId Object
        (
            [$id] => 5d6e3a6f7f8b9aa91c320b83
        )

    [credit] => 11
    [store_id] => 541
    [customer_id] => 108958
    [sid] => 1284
)

2019-09-03 10:14:49 - 108958
2019-09-03 10:14:49 - 541
2019-09-03 10:14:49 - Array
(
    [_id] => MongoId Object
        (
            [$id] => 5d6e3a6f7f8b9aa91c320b83
        )

    [credit] => 11
    [store_id] => 541
    [customer_id] => 108958
    [sid] => 1284
)

2019-09-03 10:14:49 - Array
(
    [_id] => MongoId Object
        (
            [$id] => 5d6e3a6f7f8b9aa91c320b83
        )

    [credit] => 11
    [store_id] => 541
    [customer_id] => 108958
    [sid] => 1284
)

2019-09-03 10:14:57 - 108958
2019-09-03 10:14:57 - 541
2019-09-03 10:14:57 - Array
(
    [_id] => MongoId Object
        (
            [$id] => 5d6e3a6f7f8b9aa91c320b83
        )

    [credit] => 11
    [store_id] => 541
    [customer_id] => 108958
    [sid] => 1284
)

2019-09-03 10:14:57 - Array
(
    [_id] => MongoId Object
        (
            [$id] => 5d6e3a6f7f8b9aa91c320b83
        )

    [credit] => 11
    [store_id] => 541
    [customer_id] => 108958
    [sid] => 1284
)

2019-09-03 10:15:01 - 108958
2019-09-03 10:15:01 - 541
2019-09-03 10:15:01 - Array
(
    [_id] => MongoId Object
        (
            [$id] => 5d6e3a6f7f8b9aa91c320b83
        )

    [credit] => 11
    [store_id] => 541
    [customer_id] => 108958
    [sid] => 1284
)

2019-09-03 10:15:01 - Array
(
    [_id] => MongoId Object
        (
            [$id] => 5d6e3a6f7f8b9aa91c320b83
        )

    [credit] => 11
    [store_id] => 541
    [customer_id] => 108958
    [sid] => 1284
)

2019-09-03 10:15:01 - 108958
2019-09-03 10:15:01 - 541
2019-09-03 10:15:01 - Array
(
    [_id] => MongoId Object
        (
            [$id] => 5d6e3a6f7f8b9aa91c320b83
        )

    [credit] => 11
    [store_id] => 541
    [customer_id] => 108958
    [sid] => 1284
)

2019-09-03 10:15:01 - Array
(
    [_id] => MongoId Object
        (
            [$id] => 5d6e3a6f7f8b9aa91c320b83
        )

    [credit] => 11
    [store_id] => 541
    [customer_id] => 108958
    [sid] => 1284
)

2019-09-03 10:15:08 - 108958
2019-09-03 10:15:08 - 541
2019-09-03 10:15:08 - Array
(
    [_id] => MongoId Object
        (
            [$id] => 5d6e3a6f7f8b9aa91c320b83
        )

    [credit] => 11
    [store_id] => 541
    [customer_id] => 108958
    [sid] => 1284
)

2019-09-03 10:15:08 - Array
(
    [_id] => MongoId Object
        (
            [$id] => 5d6e3a6f7f8b9aa91c320b83
        )

    [credit] => 11
    [store_id] => 541
    [customer_id] => 108958
    [sid] => 1284
)

2019-09-03 10:15:41 - 108958
2019-09-03 10:15:41 - 541
2019-09-03 10:15:41 - Array
(
    [_id] => MongoId Object
        (
            [$id] => 5d6e3a6f7f8b9aa91c320b83
        )

    [credit] => 11
    [store_id] => 541
    [customer_id] => 108958
    [sid] => 1284
)

2019-09-03 10:15:41 - Array
(
    [_id] => MongoId Object
        (
            [$id] => 5d6e3a6f7f8b9aa91c320b83
        )

    [credit] => 11
    [store_id] => 541
    [customer_id] => 108958
    [sid] => 1284
)

2019-09-03 10:16:16 - 108958
2019-09-03 10:16:16 - 541
2019-09-03 10:16:16 - Array
(
    [_id] => MongoId Object
        (
            [$id] => 5d6e3a6f7f8b9aa91c320b83
        )

    [credit] => 11
    [store_id] => 541
    [customer_id] => 108958
    [sid] => 1284
)

2019-09-03 10:16:16 - Array
(
    [_id] => MongoId Object
        (
            [$id] => 5d6e3a6f7f8b9aa91c320b83
        )

    [credit] => 11
    [store_id] => 541
    [customer_id] => 108958
    [sid] => 1284
)

2019-09-03 11:20:17 - 108958
2019-09-03 11:20:17 - 541
2019-09-03 11:20:17 - Array
(
    [_id] => MongoId Object
        (
            [$id] => 5d6e3a6f7f8b9aa91c320b83
        )

    [credit] => 11
    [store_id] => 541
    [customer_id] => 108958
    [sid] => 1284
)

2019-09-03 11:20:17 - Array
(
    [_id] => MongoId Object
        (
            [$id] => 5d6e3a6f7f8b9aa91c320b83
        )

    [credit] => 11
    [store_id] => 541
    [customer_id] => 108958
    [sid] => 1284
)

2019-09-03 11:20:23 - 108958
2019-09-03 11:20:23 - 541
2019-09-03 11:20:23 - Array
(
    [_id] => MongoId Object
        (
            [$id] => 5d6e3a6f7f8b9aa91c320b83
        )

    [credit] => 11
    [store_id] => 541
    [customer_id] => 108958
    [sid] => 1284
)

2019-09-03 11:20:23 - Array
(
    [_id] => MongoId Object
        (
            [$id] => 5d6e3a6f7f8b9aa91c320b83
        )

    [credit] => 11
    [store_id] => 541
    [customer_id] => 108958
    [sid] => 1284
)

2019-09-03 11:20:23 - 108958
2019-09-03 11:20:23 - 541
2019-09-03 11:20:23 - Array
(
    [_id] => MongoId Object
        (
            [$id] => 5d6e3a6f7f8b9aa91c320b83
        )

    [credit] => 11
    [store_id] => 541
    [customer_id] => 108958
    [sid] => 1284
)

2019-09-03 11:20:23 - Array
(
    [_id] => MongoId Object
        (
            [$id] => 5d6e3a6f7f8b9aa91c320b83
        )

    [credit] => 11
    [store_id] => 541
    [customer_id] => 108958
    [sid] => 1284
)

2019-09-03 11:20:24 - 108958
2019-09-03 11:20:24 - 541
2019-09-03 11:20:24 - Array
(
    [_id] => MongoId Object
        (
            [$id] => 5d6e3a6f7f8b9aa91c320b83
        )

    [credit] => 11
    [store_id] => 541
    [customer_id] => 108958
    [sid] => 1284
)

2019-09-03 11:20:24 - Array
(
    [_id] => MongoId Object
        (
            [$id] => 5d6e3a6f7f8b9aa91c320b83
        )

    [credit] => 11
    [store_id] => 541
    [customer_id] => 108958
    [sid] => 1284
)

2019-09-03 11:23:52 - 108958
2019-09-03 11:23:52 - 541
2019-09-03 11:23:52 - Array
(
    [_id] => MongoId Object
        (
            [$id] => 5d6e3a6f7f8b9aa91c320b83
        )

    [credit] => 11
    [store_id] => 541
    [customer_id] => 108958
    [sid] => 1284
)

2019-09-03 11:23:52 - Array
(
    [_id] => MongoId Object
        (
            [$id] => 5d6e3a6f7f8b9aa91c320b83
        )

    [credit] => 11
    [store_id] => 541
    [customer_id] => 108958
    [sid] => 1284
)

2019-09-03 11:23:57 - 108958
2019-09-03 11:23:57 - 541
2019-09-03 11:23:57 - Array
(
    [_id] => MongoId Object
        (
            [$id] => 5d6e3a6f7f8b9aa91c320b83
        )

    [credit] => 11
    [store_id] => 541
    [customer_id] => 108958
    [sid] => 1284
)

2019-09-03 11:23:57 - Array
(
    [_id] => MongoId Object
        (
            [$id] => 5d6e3a6f7f8b9aa91c320b83
        )

    [credit] => 11
    [store_id] => 541
    [customer_id] => 108958
    [sid] => 1284
)

2019-09-03 11:23:58 - 108958
2019-09-03 11:23:58 - 541
2019-09-03 11:23:58 - Array
(
    [_id] => MongoId Object
        (
            [$id] => 5d6e3a6f7f8b9aa91c320b83
        )

    [credit] => 11
    [store_id] => 541
    [customer_id] => 108958
    [sid] => 1284
)

2019-09-03 11:23:58 - Array
(
    [_id] => MongoId Object
        (
            [$id] => 5d6e3a6f7f8b9aa91c320b83
        )

    [credit] => 11
    [store_id] => 541
    [customer_id] => 108958
    [sid] => 1284
)

2019-09-03 11:23:58 - 108958
2019-09-03 11:23:58 - 541
2019-09-03 11:23:58 - Array
(
    [_id] => MongoId Object
        (
            [$id] => 5d6e3a6f7f8b9aa91c320b83
        )

    [credit] => 11
    [store_id] => 541
    [customer_id] => 108958
    [sid] => 1284
)

2019-09-03 11:23:58 - Array
(
    [_id] => MongoId Object
        (
            [$id] => 5d6e3a6f7f8b9aa91c320b83
        )

    [credit] => 11
    [store_id] => 541
    [customer_id] => 108958
    [sid] => 1284
)

