2019-09-03 11:58:23 - Array
(
    [route] => mpos/customer/getdisctricts
)

2019-09-03 11:58:23 - Array
(
    [State_Code] => 80d85a9504fc2092bfe936464bc583a0
    [store_id] => 12e0c696a9dc0a65b2b4ddc2257bf96d
    [userId] => 6718f9dd327f24bf625ad466343773ac
)

2019-09-03 11:58:23 - 9
2019-09-03 11:59:12 - Array
(
    [route] => mpos/customer/getdisctricts
)

2019-09-03 11:59:12 - Array
(
    [State_Code] => 5080acbf71ddad9b27597726743a46d9
    [store_id] => 12e0c696a9dc0a65b2b4ddc2257bf96d
    [userId] => 6718f9dd327f24bf625ad466343773ac
)

2019-09-03 11:59:12 - -100
2019-09-03 11:59:33 - Array
(
    [route] => mpos/customer/getdisctricts
)

2019-09-03 11:59:33 - Array
(
    [State_Code] => 80d85a9504fc2092bfe936464bc583a0
    [store_id] => 12e0c696a9dc0a65b2b4ddc2257bf96d
    [userId] => 6718f9dd327f24bf625ad466343773ac
)

2019-09-03 11:59:33 - 9
2019-09-03 11:59:49 - Array
(
    [route] => mpos/customer/getdisctricts
)

2019-09-03 11:59:49 - Array
(
    [State_Code] => 5080acbf71ddad9b27597726743a46d9
    [store_id] => 12e0c696a9dc0a65b2b4ddc2257bf96d
    [userId] => 6718f9dd327f24bf625ad466343773ac
)

2019-09-03 11:59:49 - -100
2019-09-03 12:00:54 - Array
(
    [route] => mpos/customer/getdisctricts
)

2019-09-03 12:00:54 - Array
(
    [State_Code] => 80d85a9504fc2092bfe936464bc583a0
    [store_id] => 12e0c696a9dc0a65b2b4ddc2257bf96d
    [userId] => 6718f9dd327f24bf625ad466343773ac
)

2019-09-03 12:00:54 - 9
2019-09-03 12:02:14 - Array
(
    [route] => mpos/customer/getdisctricts
)

2019-09-03 12:02:14 - Array
(
    [State_Code] => 80d85a9504fc2092bfe936464bc583a0
    [store_id] => 12e0c696a9dc0a65b2b4ddc2257bf96d
    [userId] => 6718f9dd327f24bf625ad466343773ac
)

2019-09-03 12:02:14 - 9
2019-09-03 12:04:26 - Array
(
    [route] => mpos/customer/getdisctricts
)

2019-09-03 12:04:26 - Array
(
    [State_Code] => 80d85a9504fc2092bfe936464bc583a0
    [store_id] => 12e0c696a9dc0a65b2b4ddc2257bf96d
    [userId] => 6718f9dd327f24bf625ad466343773ac
)

2019-09-03 12:04:26 - 9
2019-09-03 12:05:24 - Array
(
    [route] => mpos/customer/getdisctricts
)

2019-09-03 12:05:24 - Array
(
    [State_Code] => 80d85a9504fc2092bfe936464bc583a0
    [store_id] => 12e0c696a9dc0a65b2b4ddc2257bf96d
    [userId] => 6718f9dd327f24bf625ad466343773ac
)

2019-09-03 12:05:24 - 9
2019-09-03 12:06:14 - Array
(
    [route] => mpos/customer/getdisctricts
)

2019-09-03 12:06:14 - Array
(
    [State_Code] => 80d85a9504fc2092bfe936464bc583a0
    [store_id] => 12e0c696a9dc0a65b2b4ddc2257bf96d
    [userId] => 6718f9dd327f24bf625ad466343773ac
)

2019-09-03 12:06:14 - 9
2019-09-03 12:07:11 - Array
(
    [route] => mpos/customer/getdisctricts
)

2019-09-03 12:07:11 - Array
(
    [State_Code] => 80d85a9504fc2092bfe936464bc583a0
    [store_id] => 12e0c696a9dc0a65b2b4ddc2257bf96d
    [userId] => 6718f9dd327f24bf625ad466343773ac
)

2019-09-03 12:07:11 - 9
2019-09-03 12:08:24 - Array
(
    [route] => mpos/customer/getdisctricts
)

2019-09-03 12:08:24 - Array
(
    [State_Code] => 80d85a9504fc2092bfe936464bc583a0
    [store_id] => 12e0c696a9dc0a65b2b4ddc2257bf96d
    [userId] => 6718f9dd327f24bf625ad466343773ac
)

2019-09-03 12:08:24 - 9
2019-09-03 12:10:07 - Array
(
    [route] => mpos/customer/getdisctricts
)

2019-09-03 12:10:07 - Array
(
    [State_Code] => 80d85a9504fc2092bfe936464bc583a0
    [store_id] => 12e0c696a9dc0a65b2b4ddc2257bf96d
    [userId] => 6718f9dd327f24bf625ad466343773ac
)

2019-09-03 12:10:07 - 9
2019-09-03 12:10:39 - Array
(
    [route] => mpos/customer/getdisctricts
)

2019-09-03 12:10:39 - Array
(
    [State_Code] => 80d85a9504fc2092bfe936464bc583a0
    [store_id] => 12e0c696a9dc0a65b2b4ddc2257bf96d
    [userId] => 6718f9dd327f24bf625ad466343773ac
)

2019-09-03 12:10:39 - 9
2019-09-03 12:12:26 - Array
(
    [route] => mpos/customer/getdisctricts
)

2019-09-03 12:12:26 - Array
(
    [State_Code] => 80d85a9504fc2092bfe936464bc583a0
    [store_id] => 12e0c696a9dc0a65b2b4ddc2257bf96d
    [userId] => 6718f9dd327f24bf625ad466343773ac
)

2019-09-03 12:12:26 - 9
2019-09-03 12:13:59 - Array
(
    [route] => mpos/customer/getdisctricts
)

2019-09-03 12:13:59 - Array
(
    [State_Code] => 80d85a9504fc2092bfe936464bc583a0
    [store_id] => 12e0c696a9dc0a65b2b4ddc2257bf96d
    [userId] => 6718f9dd327f24bf625ad466343773ac
)

2019-09-03 12:13:59 - 9
2019-09-03 12:17:24 - Array
(
    [route] => mpos/customer/getdisctricts
)

2019-09-03 12:17:24 - Array
(
    [State_Code] => 80d85a9504fc2092bfe936464bc583a0
    [store_id] => 12e0c696a9dc0a65b2b4ddc2257bf96d
    [userId] => 6718f9dd327f24bf625ad466343773ac
)

2019-09-03 12:17:24 - 9
2019-09-03 12:17:51 - Array
(
    [route] => mpos/customer/getdisctricts
)

2019-09-03 12:17:51 - Array
(
    [State_Code] => 80d85a9504fc2092bfe936464bc583a0
    [store_id] => 12e0c696a9dc0a65b2b4ddc2257bf96d
    [userId] => 6718f9dd327f24bf625ad466343773ac
)

2019-09-03 12:17:51 - 9
2019-09-03 12:18:02 - Array
(
    [route] => mpos/customer/getdisctricts
)

2019-09-03 12:18:02 - Array
(
    [State_Code] => 80d85a9504fc2092bfe936464bc583a0
    [store_id] => 12e0c696a9dc0a65b2b4ddc2257bf96d
    [userId] => 6718f9dd327f24bf625ad466343773ac
)

2019-09-03 12:18:02 - 9
2019-09-03 12:18:14 - Array
(
    [route] => mpos/customer/getdisctricts
)

2019-09-03 12:18:14 - Array
(
    [State_Code] => 80d85a9504fc2092bfe936464bc583a0
    [store_id] => 12e0c696a9dc0a65b2b4ddc2257bf96d
    [userId] => 6718f9dd327f24bf625ad466343773ac
)

2019-09-03 12:18:14 - 9
2019-09-03 12:18:42 - Array
(
    [route] => mpos/customer/getdisctricts
)

2019-09-03 12:18:42 - Array
(
    [State_Code] => 5080acbf71ddad9b27597726743a46d9
    [store_id] => 12e0c696a9dc0a65b2b4ddc2257bf96d
    [userId] => 6718f9dd327f24bf625ad466343773ac
)

2019-09-03 12:18:42 - -100
2019-09-03 12:19:48 - Array
(
    [route] => mpos/customer/getdisctricts
)

2019-09-03 12:19:48 - Array
(
    [State_Code] => 80d85a9504fc2092bfe936464bc583a0
    [store_id] => 12e0c696a9dc0a65b2b4ddc2257bf96d
    [userId] => 6718f9dd327f24bf625ad466343773ac
)

2019-09-03 12:19:48 - 9
