2019-09-03 11:58:23 - Array
(
    [0] => Array
        (
            [_id] => Array
                (
                    [code] => 9
                    [name] => UTTAR PRADESH
                )

        )

)

2019-09-03 11:59:12 - Array
(
    [0] => Array
        (
            [_id] => Array
                (
                    [code] => 9
                    [name] => UTTAR PRADESH
                )

        )

)

2019-09-03 11:59:33 - Array
(
    [0] => Array
        (
            [_id] => Array
                (
                    [code] => 9
                    [name] => UTTAR PRADESH
                )

        )

)

2019-09-03 11:59:49 - Array
(
    [0] => Array
        (
            [_id] => Array
                (
                    [code] => 9
                    [name] => UTTAR PRADESH
                )

        )

)

2019-09-03 12:02:14 - Array
(
    [0] => Array
        (
            [_id] => Array
                (
                    [code] => 9
                    [name] => UTTAR PRADESH
                )

        )

)

2019-09-03 12:04:25 - Array
(
    [0] => Array
        (
            [_id] => Array
                (
                    [code] => 9
                    [name] => UTTAR PRADESH
                )

        )

)

2019-09-03 12:05:23 - Array
(
    [0] => Array
        (
            [_id] => Array
                (
                    [code] => 9
                    [name] => UTTAR PRADESH
                )

        )

)

2019-09-03 12:06:14 - Array
(
    [0] => Array
        (
            [_id] => Array
                (
                    [code] => 9
                    [name] => UTTAR PRADESH
                )

        )

)

2019-09-03 12:07:11 - Array
(
    [0] => Array
        (
            [_id] => Array
                (
                    [code] => 9
                    [name] => UTTAR PRADESH
                )

        )

)

2019-09-03 12:07:52 - Array
(
    [0] => Array
        (
            [_id] => Array
                (
                    [code] => 9
                    [name] => UTTAR PRADESH
                )

        )

)

2019-09-03 12:09:34 - Array
(
    [0] => Array
        (
            [_id] => Array
                (
                    [code] => 9
                    [name] => UTTAR PRADESH
                )

        )

)

2019-09-03 12:10:38 - Array
(
    [0] => Array
        (
            [_id] => Array
                (
                    [code] => 9
                    [name] => UTTAR PRADESH
                )

        )

)

2019-09-03 12:12:26 - Array
(
    [0] => Array
        (
            [_id] => Array
                (
                    [code] => 9
                    [name] => UTTAR PRADESH
                )

        )

)

2019-09-03 12:13:59 - Array
(
    [0] => Array
        (
            [_id] => Array
                (
                    [code] => 9
                    [name] => UTTAR PRADESH
                )

        )

)

2019-09-03 12:17:23 - Array
(
    [0] => Array
        (
            [_id] => Array
                (
                    [code] => 9
                    [name] => UTTAR PRADESH
                )

        )

)

2019-09-03 12:17:51 - Array
(
    [0] => Array
        (
            [_id] => Array
                (
                    [code] => 9
                    [name] => UTTAR PRADESH
                )

        )

)

2019-09-03 12:18:02 - Array
(
    [0] => Array
        (
            [_id] => Array
                (
                    [code] => 9
                    [name] => UTTAR PRADESH
                )

        )

)

2019-09-03 12:18:13 - Array
(
    [0] => Array
        (
            [_id] => Array
                (
                    [code] => 9
                    [name] => UTTAR PRADESH
                )

        )

)

2019-09-03 12:18:42 - Array
(
    [0] => Array
        (
            [_id] => Array
                (
                    [code] => 9
                    [name] => UTTAR PRADESH
                )

        )

)

