2019-09-21 7:09:35 - call update for : 
2019-09-21 7:09:35 - oc_user
2019-09-21 7:09:35 - Array
(
    [ip] => 192.168.1.10
)

2019-09-21 7:09:38 - call update for : 
2019-09-21 7:09:38 - oc_user
2019-09-21 7:09:38 - Array
(
    [ip] => 192.168.1.10
)

2019-09-21 7:09:38 - call update for : 
2019-09-21 7:09:38 - oc_user
2019-09-21 7:09:38 - Array
(
    [ip] => 192.168.1.10
)

2019-09-21 7:09:47 - call update for : 
2019-09-21 7:09:47 - oc_user
2019-09-21 7:09:47 - Array
(
    [ip] => 192.168.1.10
)

2019-09-21 7:10:42 - call update for : 
2019-09-21 7:10:42 - oc_user
2019-09-21 7:10:42 - Array
(
    [ip] => 127.0.0.1
)

2019-09-21 7:10:42 - call update for : 
2019-09-21 7:10:42 - oc_user
2019-09-21 7:10:42 - Array
(
    [ip] => 127.0.0.1
)

2019-09-21 7:10:44 - call update for : 
2019-09-21 7:10:44 - oc_user
2019-09-21 7:10:44 - Array
(
    [ip] => 127.0.0.1
)

2019-09-21 7:10:44 - call update for : 
2019-09-21 7:10:44 - oc_user
2019-09-21 7:10:44 - Array
(
    [ip] => 127.0.0.1
)

2019-09-21 7:10:48 - call update for : 
2019-09-21 7:10:48 - oc_user
2019-09-21 7:10:48 - Array
(
    [ip] => 127.0.0.1
)

2019-09-21 7:10:57 - call update for : 
2019-09-21 7:10:57 - oc_user
2019-09-21 7:10:57 - Array
(
    [ip] => 127.0.0.1
)

2019-09-21 7:10:58 - call update for : 
2019-09-21 7:10:58 - oc_user
2019-09-21 7:10:58 - Array
(
    [ip] => 127.0.0.1
)

2019-09-21 7:10:58 - call update for : 
2019-09-21 7:10:58 - oc_user
2019-09-21 7:10:58 - Array
(
    [ip] => 127.0.0.1
)

2019-09-21 7:11:04 - call update for : 
2019-09-21 7:11:04 - oc_user
2019-09-21 7:11:04 - Array
(
    [ip] => 127.0.0.1
)

2019-09-21 7:11:24 - call update for : 
2019-09-21 7:11:24 - oc_user
2019-09-21 7:11:24 - Array
(
    [ip] => 127.0.0.1
)

2019-09-21 7:11:32 - call update for : 
2019-09-21 7:11:32 - oc_user
2019-09-21 7:11:32 - Array
(
    [ip] => 127.0.0.1
)

2019-09-21 7:11:47 - call update for : 
2019-09-21 7:11:47 - oc_user
2019-09-21 7:11:47 - Array
(
    [ip] => 127.0.0.1
)

2019-09-21 7:12:26 - call update for : 
2019-09-21 7:12:26 - oc_user
2019-09-21 7:12:26 - Array
(
    [ip] => 127.0.0.1
)

2019-09-21 7:12:32 - call update for : 
2019-09-21 7:12:32 - oc_user
2019-09-21 7:12:32 - Array
(
    [ip] => 127.0.0.1
)

2019-09-21 7:12:46 - call update for : 
2019-09-21 7:12:46 - oc_user
2019-09-21 7:12:46 - Array
(
    [ip] => 127.0.0.1
)

2019-09-21 7:13:01 - call update for : 
2019-09-21 7:13:01 - oc_user
2019-09-21 7:13:01 - Array
(
    [ip] => 127.0.0.1
)

2019-09-21 7:13:11 - call update for : 
2019-09-21 7:13:11 - oc_user
2019-09-21 7:13:11 - Array
(
    [ip] => 127.0.0.1
)

2019-09-21 7:13:12 - call update for : 
2019-09-21 7:13:12 - oc_user
2019-09-21 7:13:12 - Array
(
    [ip] => 127.0.0.1
)

2019-09-21 7:13:12 - call update for : 
2019-09-21 7:13:12 - oc_user
2019-09-21 7:13:12 - Array
(
    [ip] => 127.0.0.1
)

2019-09-21 7:13:25 - call update for : 
2019-09-21 7:13:25 - oc_user
2019-09-21 7:13:25 - Array
(
    [ip] => 127.0.0.1
)

2019-09-21 7:14:31 - call update for : 
2019-09-21 7:14:31 - oc_user
2019-09-21 7:14:31 - Array
(
    [ip] => 127.0.0.1
)

2019-09-21 7:14:43 - call update for : 
2019-09-21 7:14:43 - oc_user
2019-09-21 7:14:43 - Array
(
    [ip] => 127.0.0.1
)

2019-09-21 7:14:47 - call update for : 
2019-09-21 7:14:47 - oc_user
2019-09-21 7:14:47 - Array
(
    [ip] => 127.0.0.1
)

2019-09-21 7:14:48 - call update for : 
2019-09-21 7:14:48 - oc_user
2019-09-21 7:14:48 - Array
(
    [ip] => 127.0.0.1
)

2019-09-21 7:14:48 - call update for : 
2019-09-21 7:14:48 - oc_user
2019-09-21 7:14:48 - Array
(
    [ip] => 127.0.0.1
)

2019-09-21 7:14:51 - call update for : 
2019-09-21 7:14:51 - oc_user
2019-09-21 7:14:51 - Array
(
    [ip] => 127.0.0.1
)

2019-09-21 7:14:52 - call update for : 
2019-09-21 7:14:52 - oc_user
2019-09-21 7:14:52 - Array
(
    [ip] => 127.0.0.1
)

2019-09-21 7:14:52 - call update for : 
2019-09-21 7:14:52 - oc_user
2019-09-21 7:14:52 - Array
(
    [ip] => 127.0.0.1
)

2019-09-21 7:14:53 - call update for : 
2019-09-21 7:14:53 - oc_user
2019-09-21 7:14:53 - Array
(
    [ip] => 127.0.0.1
)

2019-09-21 7:14:54 - call update for : 
2019-09-21 7:14:54 - oc_user
2019-09-21 7:14:54 - Array
(
    [ip] => 127.0.0.1
)

2019-09-21 7:14:54 - call update for : 
2019-09-21 7:14:54 - oc_user
2019-09-21 7:14:54 - Array
(
    [ip] => 127.0.0.1
)

2019-09-21 7:14:59 - call update for : 
2019-09-21 7:14:59 - oc_user
2019-09-21 7:14:59 - Array
(
    [ip] => 127.0.0.1
)

2019-09-21 7:15:00 - call update for : 
2019-09-21 7:15:00 - oc_user
2019-09-21 7:15:00 - Array
(
    [ip] => 127.0.0.1
)

2019-09-21 7:15:12 - call update for : 
2019-09-21 7:15:12 - oc_user
2019-09-21 7:15:12 - Array
(
    [ip] => 127.0.0.1
)

2019-09-21 7:15:18 - call update for : 
2019-09-21 7:15:18 - oc_user
2019-09-21 7:15:18 - Array
(
    [ip] => 127.0.0.1
)

2019-09-21 7:15:22 - call update for : 
2019-09-21 7:15:22 - oc_user
2019-09-21 7:15:22 - Array
(
    [ip] => 127.0.0.1
)

2019-09-21 7:15:35 - call update for : 
2019-09-21 7:15:35 - oc_user
2019-09-21 7:15:35 - Array
(
    [ip] => 127.0.0.1
)

2019-09-21 7:15:48 - call update for : 
2019-09-21 7:15:48 - oc_user
2019-09-21 7:15:48 - Array
(
    [ip] => 127.0.0.1
)

2019-09-21 7:16:01 - call update for : 
2019-09-21 7:16:01 - oc_user
2019-09-21 7:16:01 - Array
(
    [ip] => 127.0.0.1
)

2019-09-21 7:16:08 - call update for : 
2019-09-21 7:16:08 - oc_user
2019-09-21 7:16:08 - Array
(
    [ip] => 127.0.0.1
)

2019-09-21 7:16:12 - call update for : 
2019-09-21 7:16:12 - oc_user
2019-09-21 7:16:12 - Array
(
    [ip] => 127.0.0.1
)

2019-09-21 7:16:18 - call update for : 
2019-09-21 7:16:18 - oc_user
2019-09-21 7:16:18 - Array
(
    [ip] => 127.0.0.1
)

2019-09-21 7:16:24 - call update for : 
2019-09-21 7:16:24 - oc_user
2019-09-21 7:16:24 - Array
(
    [ip] => 127.0.0.1
)

2019-09-21 7:16:35 - call update for : 
2019-09-21 7:16:35 - oc_user
2019-09-21 7:16:35 - Array
(
    [ip] => 127.0.0.1
)

2019-09-21 7:16:44 - call update for : 
2019-09-21 7:16:44 - oc_user
2019-09-21 7:16:44 - Array
(
    [ip] => 127.0.0.1
)

2019-09-21 7:16:50 - call update for : 
2019-09-21 7:16:50 - oc_user
2019-09-21 7:16:50 - Array
(
    [ip] => 127.0.0.1
)

2019-09-21 7:16:56 - call update for : 
2019-09-21 7:16:56 - oc_user
2019-09-21 7:16:56 - Array
(
    [ip] => 127.0.0.1
)

2019-09-21 7:17:00 - call update for : 
2019-09-21 7:17:00 - oc_user
2019-09-21 7:17:00 - Array
(
    [ip] => 127.0.0.1
)

2019-09-21 7:17:16 - call update for : 
2019-09-21 7:17:16 - oc_user
2019-09-21 7:17:16 - Array
(
    [ip] => 127.0.0.1
)

2019-09-21 7:17:22 - call update for : 
2019-09-21 7:17:22 - oc_user
2019-09-21 7:17:22 - Array
(
    [ip] => 127.0.0.1
)

2019-09-21 7:17:40 - call update for : 
2019-09-21 7:17:40 - oc_user
2019-09-21 7:17:40 - Array
(
    [ip] => 127.0.0.1
)

2019-09-21 7:17:51 - call update for : 
2019-09-21 7:17:51 - oc_user
2019-09-21 7:17:51 - Array
(
    [ip] => 127.0.0.1
)

2019-09-21 7:18:09 - call update for : 
2019-09-21 7:18:09 - oc_user
2019-09-21 7:18:09 - Array
(
    [ip] => 127.0.0.1
)

2019-09-21 7:18:17 - call update for : 
2019-09-21 7:18:17 - oc_user
2019-09-21 7:18:17 - Array
(
    [ip] => 127.0.0.1
)

2019-09-21 7:18:22 - call update for : 
2019-09-21 7:18:22 - oc_user
2019-09-21 7:18:22 - Array
(
    [ip] => 127.0.0.1
)

2019-09-21 7:18:48 - call update for : 
2019-09-21 7:18:48 - oc_user
2019-09-21 7:18:48 - Array
(
    [ip] => 127.0.0.1
)

2019-09-21 7:18:55 - call update for : 
2019-09-21 7:18:55 - oc_user
2019-09-21 7:18:55 - Array
(
    [ip] => 127.0.0.1
)

2019-09-21 7:19:40 - call update for : 
2019-09-21 7:19:40 - oc_user
2019-09-21 7:19:40 - Array
(
    [ip] => 127.0.0.1
)

2019-09-21 7:20:14 - call update for : 
2019-09-21 7:20:14 - oc_user
2019-09-21 7:20:14 - Array
(
    [ip] => 127.0.0.1
)

2019-09-21 7:21:10 - call update for : 
2019-09-21 7:21:10 - oc_user
2019-09-21 7:21:10 - Array
(
    [ip] => 127.0.0.1
)

2019-09-21 7:21:19 - call update for : 
2019-09-21 7:21:19 - oc_user
2019-09-21 7:21:19 - Array
(
    [ip] => 127.0.0.1
)

2019-09-21 7:21:45 - call update for : 
2019-09-21 7:21:45 - oc_user
2019-09-21 7:21:45 - Array
(
    [ip] => 127.0.0.1
)

2019-09-21 7:21:48 - call update for : 
2019-09-21 7:21:48 - oc_user
2019-09-21 7:21:48 - Array
(
    [ip] => 127.0.0.1
)

2019-09-21 7:21:49 - call update for : 
2019-09-21 7:21:49 - oc_user
2019-09-21 7:21:49 - Array
(
    [ip] => 127.0.0.1
)

2019-09-21 7:21:52 - call update for : 
2019-09-21 7:21:52 - oc_user
2019-09-21 7:21:52 - Array
(
    [ip] => 127.0.0.1
)

2019-09-21 7:21:57 - call update for : 
2019-09-21 7:21:57 - oc_user
2019-09-21 7:21:57 - Array
(
    [ip] => 127.0.0.1
)

2019-09-21 7:22:01 - call update for : 
2019-09-21 7:22:01 - oc_user
2019-09-21 7:22:01 - Array
(
    [ip] => 127.0.0.1
)

2019-09-21 7:22:17 - call update for : 
2019-09-21 7:22:17 - oc_user
2019-09-21 7:22:17 - Array
(
    [ip] => 127.0.0.1
)

2019-09-21 7:22:20 - call update for : 
2019-09-21 7:22:20 - oc_user
2019-09-21 7:22:20 - Array
(
    [ip] => 127.0.0.1
)

2019-09-21 7:23:25 - call update for : 
2019-09-21 7:23:25 - oc_user
2019-09-21 7:23:25 - Array
(
    [ip] => 127.0.0.1
)

2019-09-21 7:23:26 - call update for : 
2019-09-21 7:23:26 - oc_user
2019-09-21 7:23:26 - Array
(
    [ip] => 127.0.0.1
)

2019-09-21 7:23:26 - call update for : 
2019-09-21 7:23:26 - oc_user
2019-09-21 7:23:26 - Array
(
    [ip] => 127.0.0.1
)

2019-09-21 7:23:28 - call update for : 
2019-09-21 7:23:28 - oc_user
2019-09-21 7:23:28 - Array
(
    [ip] => 127.0.0.1
)

2019-09-21 7:23:33 - call update for : 
2019-09-21 7:23:33 - oc_user
2019-09-21 7:23:33 - Array
(
    [ip] => 127.0.0.1
)

2019-09-21 7:23:42 - call update for : 
2019-09-21 7:23:42 - oc_user
2019-09-21 7:23:42 - Array
(
    [ip] => 127.0.0.1
)

2019-09-21 7:24:00 - call update for : 
2019-09-21 7:24:00 - oc_user
2019-09-21 7:24:00 - Array
(
    [ip] => 127.0.0.1
)

2019-09-21 7:24:06 - call update for : 
2019-09-21 7:24:06 - oc_user
2019-09-21 7:24:06 - Array
(
    [ip] => 127.0.0.1
)

2019-09-21 7:24:06 - call update for : 
2019-09-21 7:24:06 - oc_user
2019-09-21 7:24:06 - Array
(
    [ip] => 127.0.0.1
)

2019-09-21 7:24:17 - call update for : 
2019-09-21 7:24:17 - oc_user
2019-09-21 7:24:17 - Array
(
    [ip] => 127.0.0.1
)

2019-09-21 7:24:17 - call update for : 
2019-09-21 7:24:17 - oc_user
2019-09-21 7:24:17 - Array
(
    [ip] => 127.0.0.1
)

2019-09-21 7:24:31 - call update for : 
2019-09-21 7:24:31 - oc_user
2019-09-21 7:24:31 - Array
(
    [ip] => 127.0.0.1
)

2019-09-21 7:24:31 - call update for : 
2019-09-21 7:24:31 - oc_user
2019-09-21 7:24:31 - Array
(
    [ip] => 127.0.0.1
)

2019-09-21 7:24:43 - call update for : 
2019-09-21 7:24:43 - oc_user
2019-09-21 7:24:43 - Array
(
    [ip] => 127.0.0.1
)

2019-09-21 7:25:08 - call update for : 
2019-09-21 7:25:08 - oc_user
2019-09-21 7:25:08 - Array
(
    [ip] => 127.0.0.1
)

2019-09-21 7:25:14 - call update for : 
2019-09-21 7:25:14 - oc_user
2019-09-21 7:25:14 - Array
(
    [ip] => 127.0.0.1
)

2019-09-21 7:25:14 - call update for : 
2019-09-21 7:25:14 - oc_user
2019-09-21 7:25:14 - Array
(
    [ip] => 127.0.0.1
)

2019-09-21 7:25:17 - call update for : 
2019-09-21 7:25:17 - oc_user
2019-09-21 7:25:17 - Array
(
    [ip] => 127.0.0.1
)

2019-09-21 7:25:17 - call update for : 
2019-09-21 7:25:17 - oc_user
2019-09-21 7:25:17 - Array
(
    [ip] => 127.0.0.1
)

2019-09-21 7:25:19 - call update for : 
2019-09-21 7:25:19 - oc_user
2019-09-21 7:25:19 - Array
(
    [ip] => 127.0.0.1
)

2019-09-21 7:25:58 - call update for : 
2019-09-21 7:25:58 - oc_user
2019-09-21 7:25:58 - Array
(
    [ip] => 127.0.0.1
)

2019-09-21 7:26:02 - call update for : 
2019-09-21 7:26:02 - oc_user
2019-09-21 7:26:02 - Array
(
    [ip] => 127.0.0.1
)

2019-09-21 7:26:02 - call update for : 
2019-09-21 7:26:02 - oc_user
2019-09-21 7:26:02 - Array
(
    [ip] => 127.0.0.1
)

2019-09-21 7:26:13 - call update for : 
2019-09-21 7:26:13 - oc_user
2019-09-21 7:26:13 - Array
(
    [ip] => 127.0.0.1
)

2019-09-21 7:26:25 - call update for : 
2019-09-21 7:26:25 - oc_user
2019-09-21 7:26:25 - Array
(
    [ip] => 127.0.0.1
)

2019-09-21 7:26:47 - call update for : 
2019-09-21 7:26:47 - oc_user
2019-09-21 7:26:47 - Array
(
    [ip] => 127.0.0.1
)

2019-09-21 7:26:49 - call update for : 
2019-09-21 7:26:49 - oc_user
2019-09-21 7:26:49 - Array
(
    [ip] => 127.0.0.1
)

2019-09-21 7:26:49 - call update for : 
2019-09-21 7:26:49 - oc_user
2019-09-21 7:26:49 - Array
(
    [ip] => 127.0.0.1
)

2019-09-21 7:26:50 - call update for : 
2019-09-21 7:26:50 - oc_user
2019-09-21 7:26:50 - Array
(
    [ip] => 127.0.0.1
)

2019-09-21 7:26:52 - call update for : 
2019-09-21 7:26:52 - oc_user
2019-09-21 7:26:52 - Array
(
    [ip] => 127.0.0.1
)

2019-09-21 7:26:52 - call update for : 
2019-09-21 7:26:52 - oc_user
2019-09-21 7:26:52 - Array
(
    [ip] => 127.0.0.1
)

2019-09-21 7:26:55 - call update for : 
2019-09-21 7:26:55 - oc_user
2019-09-21 7:26:55 - Array
(
    [ip] => 127.0.0.1
)

2019-09-21 7:27:08 - call update for : 
2019-09-21 7:27:08 - oc_user
2019-09-21 7:27:08 - Array
(
    [ip] => 127.0.0.1
)

2019-09-21 7:27:14 - call update for : 
2019-09-21 7:27:14 - oc_user
2019-09-21 7:27:14 - Array
(
    [ip] => 127.0.0.1
)

2019-09-21 7:27:15 - call update for : 
2019-09-21 7:27:15 - oc_user
2019-09-21 7:27:15 - Array
(
    [ip] => 127.0.0.1
)

2019-09-21 7:27:15 - call update for : 
2019-09-21 7:27:15 - oc_user
2019-09-21 7:27:15 - Array
(
    [ip] => 127.0.0.1
)

2019-09-21 7:27:20 - call update for : 
2019-09-21 7:27:20 - oc_user
2019-09-21 7:27:20 - Array
(
    [ip] => 127.0.0.1
)

2019-09-21 7:27:21 - call update for : 
2019-09-21 7:27:21 - oc_user
2019-09-21 7:27:21 - Array
(
    [ip] => 127.0.0.1
)

2019-09-21 7:27:21 - call update for : 
2019-09-21 7:27:21 - oc_user
2019-09-21 7:27:21 - Array
(
    [ip] => 127.0.0.1
)

2019-09-21 7:27:21 - call update for : 
2019-09-21 7:27:21 - oc_user
2019-09-21 7:27:21 - Array
(
    [ip] => 127.0.0.1
)

2019-09-21 7:27:21 - call update for : 
2019-09-21 7:27:21 - oc_user
2019-09-21 7:27:21 - Array
(
    [ip] => 127.0.0.1
)

2019-09-21 7:27:21 - call update for : 
2019-09-21 7:27:21 - oc_user
2019-09-21 7:27:21 - Array
(
    [ip] => 127.0.0.1
)

2019-09-21 7:27:55 - call update for : 
2019-09-21 7:27:55 - oc_user
2019-09-21 7:27:55 - Array
(
    [ip] => 127.0.0.1
)

2019-09-21 7:27:57 - call update for : 
2019-09-21 7:27:57 - oc_user
2019-09-21 7:27:57 - Array
(
    [ip] => 127.0.0.1
)

2019-09-21 7:27:57 - call update for : 
2019-09-21 7:27:57 - oc_user
2019-09-21 7:27:57 - Array
(
    [ip] => 127.0.0.1
)

2019-09-21 7:27:58 - call update for : 
2019-09-21 7:27:58 - oc_user
2019-09-21 7:27:58 - Array
(
    [ip] => 127.0.0.1
)

2019-09-21 7:28:07 - call update for : 
2019-09-21 7:28:07 - oc_user
2019-09-21 7:28:07 - Array
(
    [ip] => 127.0.0.1
)

2019-09-21 7:28:13 - call update for : 
2019-09-21 7:28:13 - oc_user
2019-09-21 7:28:13 - Array
(
    [ip] => 127.0.0.1
)

2019-09-21 7:28:14 - call update for : 
2019-09-21 7:28:14 - oc_user
2019-09-21 7:28:14 - Array
(
    [ip] => 127.0.0.1
)

2019-09-21 7:28:14 - call update for : 
2019-09-21 7:28:14 - oc_user
2019-09-21 7:28:14 - Array
(
    [ip] => 127.0.0.1
)

2019-09-21 7:28:21 - call update for : 
2019-09-21 7:28:21 - oc_user
2019-09-21 7:28:21 - Array
(
    [ip] => 127.0.0.1
)

2019-09-21 7:28:28 - call update for : 
2019-09-21 7:28:28 - oc_user
2019-09-21 7:28:28 - Array
(
    [ip] => 127.0.0.1
)

2019-09-21 7:28:34 - call update for : 
2019-09-21 7:28:34 - oc_user
2019-09-21 7:28:34 - Array
(
    [ip] => 127.0.0.1
)

2019-09-21 7:29:16 - call update for : 
2019-09-21 7:29:16 - oc_user
2019-09-21 7:29:16 - Array
(
    [ip] => 127.0.0.1
)

2019-09-21 7:29:22 - call update for : 
2019-09-21 7:29:22 - oc_user
2019-09-21 7:29:22 - Array
(
    [ip] => 127.0.0.1
)

2019-09-21 7:29:27 - call update for : 
2019-09-21 7:29:27 - oc_user
2019-09-21 7:29:27 - Array
(
    [ip] => 127.0.0.1
)

2019-09-21 7:29:37 - call update for : 
2019-09-21 7:29:37 - oc_user
2019-09-21 7:29:37 - Array
(
    [ip] => 127.0.0.1
)

2019-09-21 7:29:37 - call update for : 
2019-09-21 7:29:37 - oc_user
2019-09-21 7:29:37 - Array
(
    [ip] => 127.0.0.1
)

2019-09-21 7:29:42 - call update for : 
2019-09-21 7:29:42 - oc_user
2019-09-21 7:29:42 - Array
(
    [ip] => 127.0.0.1
)

2019-09-21 7:29:50 - call update for : 
2019-09-21 7:29:50 - oc_user
2019-09-21 7:29:50 - Array
(
    [ip] => 127.0.0.1
)

2019-09-21 7:30:02 - call update for : 
2019-09-21 7:30:02 - oc_user
2019-09-21 7:30:02 - Array
(
    [ip] => 127.0.0.1
)

2019-09-21 9:05:17 - call update for : 
2019-09-21 9:05:17 - oc_user
2019-09-21 9:05:17 - Array
(
    [ip] => 127.0.0.1
)

2019-09-21 9:05:18 - call update for : 
2019-09-21 9:05:18 - oc_user
2019-09-21 9:05:18 - Array
(
    [ip] => 127.0.0.1
)

2019-09-21 9:05:19 - call update for : 
2019-09-21 9:05:19 - oc_user
2019-09-21 9:05:19 - Array
(
    [ip] => 127.0.0.1
)

2019-09-21 9:37:06 - call update for : 
2019-09-21 9:37:06 - oc_user
2019-09-21 9:37:06 - Array
(
    [ip] => 127.0.0.1
)

2019-09-21 11:53:37 - call update for : 
2019-09-21 11:53:37 - oc_user
2019-09-21 11:53:37 - Array
(
    [ip] => 127.0.0.1
)

2019-09-21 11:53:40 - call update for : 
2019-09-21 11:53:40 - oc_user
2019-09-21 11:53:40 - Array
(
    [ip] => 127.0.0.1
)

2019-09-21 11:53:40 - call update for : 
2019-09-21 11:53:40 - oc_user
2019-09-21 11:53:40 - Array
(
    [ip] => 127.0.0.1
)

2019-09-21 11:53:41 - call update for : 
2019-09-21 11:53:41 - oc_user
2019-09-21 11:53:41 - Array
(
    [ip] => 127.0.0.1
)

