2019-10-09 10:56:41 - call update for : 
2019-10-09 10:56:41 - oc_user
2019-10-09 10:56:41 - Array
(
    [ip] => 192.168.1.150
)

2019-10-09 10:56:43 - call update for : 
2019-10-09 10:56:43 - oc_user
2019-10-09 10:56:43 - Array
(
    [ip] => 192.168.1.150
)

2019-10-09 10:56:43 - call update for : 
2019-10-09 10:56:43 - oc_user
2019-10-09 10:56:43 - Array
(
    [ip] => 192.168.1.150
)

2019-10-09 10:56:43 - call update for : 
2019-10-09 10:56:43 - oc_user
2019-10-09 10:56:43 - Array
(
    [ip] => 192.168.1.150
)

2019-10-09 10:56:46 - call update for : 
2019-10-09 10:56:46 - oc_user
2019-10-09 10:56:46 - Array
(
    [ip] => 192.168.1.150
)

2019-10-09 10:56:49 - call update for : 
2019-10-09 10:56:49 - oc_user
2019-10-09 10:56:49 - Array
(
    [ip] => 192.168.1.150
)

2019-10-09 10:56:53 - call update for : 
2019-10-09 10:56:53 - oc_user
2019-10-09 10:56:53 - Array
(
    [ip] => 192.168.1.150
)

2019-10-09 10:57:01 - call update for : 
2019-10-09 10:57:01 - oc_user
2019-10-09 10:57:01 - Array
(
    [ip] => 192.168.1.150
)

2019-10-09 10:57:06 - call update for : 
2019-10-09 10:57:06 - oc_user
2019-10-09 10:57:06 - Array
(
    [ip] => 192.168.1.150
)

2019-10-09 10:57:11 - call update for : 
2019-10-09 10:57:11 - oc_user
2019-10-09 10:57:11 - Array
(
    [ip] => 192.168.1.150
)

2019-10-09 10:58:27 - call update for : 
2019-10-09 10:58:27 - oc_user
2019-10-09 10:58:27 - Array
(
    [ip] => 192.168.1.150
)

2019-10-09 10:58:35 - call update for : 
2019-10-09 10:58:35 - oc_user
2019-10-09 10:58:35 - Array
(
    [ip] => 192.168.1.150
)

2019-10-09 10:58:41 - call update for : 
2019-10-09 10:58:41 - oc_user
2019-10-09 10:58:41 - Array
(
    [ip] => 192.168.1.150
)

