2019-09-03 9:42:19 - call update for : 
2019-09-03 9:42:19 - oc_user
2019-09-03 9:42:19 - Array
(
    [ip] => 192.168.1.31
)

2019-09-03 9:42:50 - call update for : 
2019-09-03 9:42:50 - oc_user
2019-09-03 9:42:50 - Array
(
    [ip] => 192.168.1.31
)

2019-09-03 9:42:56 - call update for : 
2019-09-03 9:42:56 - oc_user
2019-09-03 9:42:56 - Array
(
    [ip] => 192.168.1.31
)

2019-09-03 9:43:02 - call update for : 
2019-09-03 9:43:02 - oc_user
2019-09-03 9:43:02 - Array
(
    [ip] => 192.168.1.31
)

2019-09-03 9:43:08 - call update for : 
2019-09-03 9:43:08 - oc_user
2019-09-03 9:43:08 - Array
(
    [ip] => 192.168.1.31
)

2019-09-03 9:45:45 - call update for : 
2019-09-03 9:45:45 - oc_user
2019-09-03 9:45:45 - Array
(
    [ip] => 192.168.1.31
)

2019-09-03 9:52:31 - call update for : 
2019-09-03 9:52:31 - oc_user
2019-09-03 9:52:31 - Array
(
    [ip] => 192.168.1.31
)

2019-09-03 9:55:49 - call update for : 
2019-09-03 9:55:49 - oc_user
2019-09-03 9:55:49 - Array
(
    [ip] => 192.168.1.31
)

2019-09-03 9:57:46 - call update for : 
2019-09-03 9:57:46 - oc_user
2019-09-03 9:57:46 - Array
(
    [ip] => 192.168.1.31
)

2019-09-03 9:59:50 - call update for : 
2019-09-03 9:59:50 - oc_user
2019-09-03 9:59:50 - Array
(
    [ip] => 192.168.1.31
)

2019-09-03 10:03:26 - call update for : 
2019-09-03 10:03:26 - oc_user
2019-09-03 10:03:26 - Array
(
    [ip] => 192.168.1.31
)

2019-09-03 10:03:26 - call update for : 
2019-09-03 10:03:26 - oc_user
2019-09-03 10:03:26 - Array
(
    [ip] => 192.168.1.31
)

2019-09-03 10:03:27 - call update for : 
2019-09-03 10:03:27 - oc_order
2019-09-03 10:03:27 - Array
(
    [invoice_no] => 1
)

2019-09-03 10:03:27 - call update for : 
2019-09-03 10:03:27 - oc_order
2019-09-03 10:03:27 - Array
(
    [total] => 999
    [credit] => 11
    [reward] => 0
    [cash] => 988
    [affiliate_id] => 0
    [commission] => 0
    [discount] => 0
    [pay_method] => Cash Credit
    [tax] => 0
)

2019-09-03 10:14:39 - call update for : 
2019-09-03 10:14:39 - oc_user
2019-09-03 10:14:39 - Array
(
    [ip] => 192.168.1.31
)

2019-09-03 10:14:43 - call update for : 
2019-09-03 10:14:43 - oc_user
2019-09-03 10:14:43 - Array
(
    [ip] => 192.168.1.31
)

2019-09-03 10:14:46 - call update for : 
2019-09-03 10:14:46 - oc_user
2019-09-03 10:14:46 - Array
(
    [ip] => 192.168.1.31
)

2019-09-03 11:22:55 - call update for : 
2019-09-03 11:22:55 - oc_user
2019-09-03 11:22:55 - Array
(
    [ip] => 192.168.1.31
)

2019-09-03 11:23:34 - call update for : 
2019-09-03 11:23:34 - oc_user
2019-09-03 11:23:34 - Array
(
    [ip] => 192.168.1.31
)

2019-09-03 11:28:09 - call update for : 
2019-09-03 11:28:09 - oc_product_to_store
2019-09-03 11:28:09 - Array
(
    [quantity] => 1
)

2019-09-03 11:28:23 - call update for : 
2019-09-03 11:28:23 - oc_product_to_store
2019-09-03 11:28:23 - Array
(
    [quantity] => 2
)

2019-09-03 11:34:13 - call update for : 
2019-09-03 11:34:13 - oc_user
2019-09-03 11:34:13 - Array
(
    [ip] => 192.168.1.31
)

2019-09-03 11:34:22 - call update for : 
2019-09-03 11:34:22 - oc_user
2019-09-03 11:34:22 - Array
(
    [ip] => 192.168.1.31
)

2019-09-03 11:58:16 - call update for : 
2019-09-03 11:58:16 - oc_user
2019-09-03 11:58:16 - Array
(
    [ip] => 192.168.1.31
)

