2019-10-11 6:34:37 - call update for : 
2019-10-11 6:34:37 - oc_user
2019-10-11 6:34:37 - Array
(
    [ip] => 192.168.1.150
)

2019-10-11 6:34:44 - call update for : 
2019-10-11 6:34:44 - oc_user
2019-10-11 6:34:44 - Array
(
    [ip] => 192.168.1.150
)

2019-10-11 6:34:44 - call update for : 
2019-10-11 6:34:44 - oc_user
2019-10-11 6:34:44 - Array
(
    [ip] => 192.168.1.150
)

2019-10-11 6:34:44 - call update for : 
2019-10-11 6:34:44 - oc_user
2019-10-11 6:34:44 - Array
(
    [ip] => 192.168.1.150
)

2019-10-11 6:34:49 - call update for : 
2019-10-11 6:34:49 - oc_user
2019-10-11 6:34:49 - Array
(
    [ip] => 192.168.1.150
)

2019-10-11 6:34:51 - call update for : 
2019-10-11 6:34:51 - oc_user
2019-10-11 6:34:51 - Array
(
    [ip] => 192.168.1.150
)

2019-10-11 6:34:56 - call update for : 
2019-10-11 6:34:56 - oc_user
2019-10-11 6:34:56 - Array
(
    [ip] => 192.168.1.150
)

2019-10-11 6:35:02 - call update for : 
2019-10-11 6:35:02 - oc_user
2019-10-11 6:35:02 - Array
(
    [ip] => 192.168.1.150
)

2019-10-11 6:35:03 - call update for : 
2019-10-11 6:35:03 - oc_user
2019-10-11 6:35:03 - Array
(
    [ip] => 192.168.1.150
)

2019-10-11 8:55:47 - call update for : 
2019-10-11 8:55:47 - oc_user
2019-10-11 8:55:47 - Array
(
    [ip] => 192.168.1.150
)

2019-10-11 8:55:50 - call update for : 
2019-10-11 8:55:50 - oc_user
2019-10-11 8:55:50 - Array
(
    [ip] => 192.168.1.150
)

2019-10-11 8:55:55 - call update for : 
2019-10-11 8:55:55 - oc_user
2019-10-11 8:55:55 - Array
(
    [ip] => 192.168.1.150
)

2019-10-11 8:56:00 - call update for : 
2019-10-11 8:56:00 - oc_user
2019-10-11 8:56:00 - Array
(
    [ip] => 192.168.1.150
)

2019-10-11 8:56:00 - call update for : 
2019-10-11 8:56:00 - oc_user
2019-10-11 8:56:00 - Array
(
    [ip] => 192.168.1.150
)

2019-10-11 8:56:00 - call update for : 
2019-10-11 8:56:00 - oc_user
2019-10-11 8:56:00 - Array
(
    [ip] => 192.168.1.150
)

2019-10-11 8:56:04 - call update for : 
2019-10-11 8:56:04 - oc_user
2019-10-11 8:56:04 - Array
(
    [ip] => 192.168.1.150
)

2019-10-11 8:56:09 - call update for : 
2019-10-11 8:56:09 - oc_user
2019-10-11 8:56:09 - Array
(
    [ip] => 192.168.1.150
)

2019-10-11 8:56:13 - call update for : 
2019-10-11 8:56:13 - oc_user
2019-10-11 8:56:13 - Array
(
    [ip] => 192.168.1.150
)

2019-10-11 8:56:17 - call update for : 
2019-10-11 8:56:17 - oc_user
2019-10-11 8:56:17 - Array
(
    [ip] => 192.168.1.150
)

2019-10-11 8:56:22 - call update for : 
2019-10-11 8:56:22 - oc_user
2019-10-11 8:56:22 - Array
(
    [ip] => 192.168.1.150
)

2019-10-11 8:56:27 - call update for : 
2019-10-11 8:56:27 - oc_user
2019-10-11 8:56:27 - Array
(
    [ip] => 192.168.1.150
)

2019-10-11 8:56:31 - call update for : 
2019-10-11 8:56:31 - oc_user
2019-10-11 8:56:31 - Array
(
    [ip] => 192.168.1.150
)

2019-10-11 8:56:34 - call update for : 
2019-10-11 8:56:34 - oc_user
2019-10-11 8:56:34 - Array
(
    [ip] => 192.168.1.150
)

2019-10-11 8:56:39 - call update for : 
2019-10-11 8:56:39 - oc_user
2019-10-11 8:56:39 - Array
(
    [ip] => 192.168.1.150
)

2019-10-11 8:56:44 - call update for : 
2019-10-11 8:56:44 - oc_user
2019-10-11 8:56:44 - Array
(
    [ip] => 192.168.1.150
)

2019-10-11 8:56:51 - call update for : 
2019-10-11 8:56:51 - oc_user
2019-10-11 8:56:51 - Array
(
    [ip] => 192.168.1.150
)

2019-10-11 8:57:10 - call update for : 
2019-10-11 8:57:10 - oc_user
2019-10-11 8:57:10 - Array
(
    [ip] => 192.168.1.150
)

2019-10-11 8:57:13 - call update for : 
2019-10-11 8:57:13 - oc_user
2019-10-11 8:57:13 - Array
(
    [ip] => 192.168.1.150
)

2019-10-11 8:57:20 - call update for : 
2019-10-11 8:57:20 - oc_user
2019-10-11 8:57:20 - Array
(
    [ip] => 192.168.1.150
)

2019-10-11 8:57:26 - call update for : 
2019-10-11 8:57:26 - oc_user
2019-10-11 8:57:26 - Array
(
    [ip] => 192.168.1.150
)

2019-10-11 8:57:54 - call update for : 
2019-10-11 8:57:54 - oc_user
2019-10-11 8:57:54 - Array
(
    [ip] => 192.168.1.150
)

2019-10-11 8:58:00 - call update for : 
2019-10-11 8:58:00 - oc_user
2019-10-11 8:58:00 - Array
(
    [ip] => 192.168.1.150
)

2019-10-11 8:58:04 - call update for : 
2019-10-11 8:58:04 - oc_user
2019-10-11 8:58:04 - Array
(
    [ip] => 192.168.1.150
)

2019-10-11 8:58:35 - call update for : 
2019-10-11 8:58:35 - oc_user
2019-10-11 8:58:35 - Array
(
    [ip] => 192.168.1.150
)

2019-10-11 8:58:37 - call update for : 
2019-10-11 8:58:37 - oc_user
2019-10-11 8:58:37 - Array
(
    [ip] => 192.168.1.150
)

2019-10-11 8:58:37 - call update for : 
2019-10-11 8:58:37 - oc_user
2019-10-11 8:58:37 - Array
(
    [ip] => 192.168.1.150
)

2019-10-11 8:58:38 - call update for : 
2019-10-11 8:58:38 - oc_user
2019-10-11 8:58:38 - Array
(
    [ip] => 192.168.1.150
)

2019-10-11 8:58:45 - call update for : 
2019-10-11 8:58:45 - oc_user
2019-10-11 8:58:45 - Array
(
    [ip] => 192.168.1.150
)

2019-10-11 8:58:47 - call update for : 
2019-10-11 8:58:47 - oc_user
2019-10-11 8:58:47 - Array
(
    [ip] => 192.168.1.150
)

2019-10-11 8:58:48 - call update for : 
2019-10-11 8:58:48 - oc_user
2019-10-11 8:58:48 - Array
(
    [ip] => 192.168.1.150
)

2019-10-11 8:58:50 - call update for : 
2019-10-11 8:58:50 - oc_user
2019-10-11 8:58:50 - Array
(
    [ip] => 192.168.1.150
)

2019-10-11 8:58:52 - call update for : 
2019-10-11 8:58:52 - oc_user
2019-10-11 8:58:52 - Array
(
    [ip] => 192.168.1.150
)

2019-10-11 8:58:58 - call update for : 
2019-10-11 8:58:58 - oc_user
2019-10-11 8:58:58 - Array
(
    [ip] => 192.168.1.150
)

2019-10-11 8:58:58 - call update for : 
2019-10-11 8:58:58 - oc_user
2019-10-11 8:58:58 - Array
(
    [ip] => 192.168.1.150
)

2019-10-11 8:58:58 - call update for : 
2019-10-11 8:58:58 - oc_user
2019-10-11 8:58:58 - Array
(
    [ip] => 192.168.1.150
)

2019-10-11 8:59:40 - call update for : 
2019-10-11 8:59:40 - oc_user
2019-10-11 8:59:40 - Array
(
    [ip] => 192.168.1.150
)

