2019-09-23 6:05:37 - call update for : 
2019-09-23 6:05:37 - oc_user
2019-09-23 6:05:37 - Array
(
    [ip] => 127.0.0.1
)

2019-09-23 6:05:39 - call update for : 
2019-09-23 6:05:39 - oc_user
2019-09-23 6:05:39 - Array
(
    [ip] => 127.0.0.1
)

2019-09-23 6:05:39 - call update for : 
2019-09-23 6:05:39 - oc_user
2019-09-23 6:05:39 - Array
(
    [ip] => 127.0.0.1
)

2019-09-23 6:05:53 - call update for : 
2019-09-23 6:05:53 - oc_user
2019-09-23 6:05:53 - Array
(
    [ip] => 127.0.0.1
)

2019-09-23 6:06:01 - call update for : 
2019-09-23 6:06:01 - oc_user
2019-09-23 6:06:01 - Array
(
    [ip] => 127.0.0.1
)

2019-09-23 6:06:02 - call update for : 
2019-09-23 6:06:02 - oc_user
2019-09-23 6:06:02 - Array
(
    [ip] => 127.0.0.1
)

2019-09-23 6:06:03 - call update for : 
2019-09-23 6:06:03 - oc_user
2019-09-23 6:06:03 - Array
(
    [ip] => 127.0.0.1
)

2019-09-23 6:06:03 - call update for : 
2019-09-23 6:06:03 - oc_user
2019-09-23 6:06:03 - Array
(
    [ip] => 127.0.0.1
)

2019-09-23 6:07:01 - call update for : 
2019-09-23 6:07:01 - oc_user
2019-09-23 6:07:01 - Array
(
    [ip] => 127.0.0.1
)

2019-09-23 6:07:23 - call update for : 
2019-09-23 6:07:23 - oc_user
2019-09-23 6:07:23 - Array
(
    [ip] => 127.0.0.1
)

2019-09-23 6:07:36 - call update for : 
2019-09-23 6:07:36 - oc_user
2019-09-23 6:07:36 - Array
(
    [ip] => 127.0.0.1
)

2019-09-23 6:07:49 - call update for : 
2019-09-23 6:07:49 - oc_user
2019-09-23 6:07:49 - Array
(
    [ip] => 127.0.0.1
)

2019-09-23 6:07:50 - call update for : 
2019-09-23 6:07:50 - oc_user
2019-09-23 6:07:50 - Array
(
    [ip] => 127.0.0.1
)

2019-09-23 6:07:50 - call update for : 
2019-09-23 6:07:50 - oc_user
2019-09-23 6:07:50 - Array
(
    [ip] => 127.0.0.1
)

2019-09-23 6:07:53 - call update for : 
2019-09-23 6:07:53 - oc_user
2019-09-23 6:07:53 - Array
(
    [ip] => 127.0.0.1
)

2019-09-23 7:18:49 - call update for : 
2019-09-23 7:18:49 - oc_user
2019-09-23 7:18:49 - Array
(
    [ip] => 127.0.0.1
)

2019-09-23 7:18:51 - call update for : 
2019-09-23 7:18:51 - oc_user
2019-09-23 7:18:51 - Array
(
    [ip] => 127.0.0.1
)

2019-09-23 7:18:51 - call update for : 
2019-09-23 7:18:51 - oc_user
2019-09-23 7:18:51 - Array
(
    [ip] => 127.0.0.1
)

2019-09-23 7:18:51 - call update for : 
2019-09-23 7:18:51 - oc_user
2019-09-23 7:18:51 - Array
(
    [ip] => 127.0.0.1
)

