2019-09-30 10:43:35 - 
2019-09-30 10:43:35 - select call
2019-09-30 10:43:35 - Array
(
    [$and] => Array
        (
            [0] => Array
                (
                    [store_id] => 0
                )

        )

)

2019-09-30 10:43:35 - 
2019-09-30 10:43:35 - select call
2019-09-30 10:43:35 - Array
(
)

2019-09-30 10:43:35 - 
2019-09-30 10:43:35 - select call
2019-09-30 10:43:35 - Array
(
)

2019-09-30 10:43:35 - pass_array
2019-09-30 10:43:35 - [{"$lookup":{"from":"oc_weight_class_description","localField":"weight_class_id","foreignField":"weight_class_id","as":"wcd"}},{"$unwind":"$wcd"},{"$match":{"language_id":1}}]
2019-09-30 10:43:35 - count_array
2019-09-30 10:43:35 - []
2019-09-30 10:43:35 - pass_array
2019-09-30 10:43:35 - [{"$lookup":{"from":"oc_length_class_description","localField":"length_class_id","foreignField":"length_class_id","as":"mcd"}},{"$unwind":"$mcd"},{"$match":{"language_id":1}}]
2019-09-30 10:43:35 - count_array
2019-09-30 10:43:35 - []
2019-09-30 10:43:35 - 
2019-09-30 10:43:35 - select call
2019-09-30 10:43:35 - Array
(
    [$and] => Array
        (
            [0] => Array
                (
                    [type] => openbay
                )

        )

)

2019-09-30 10:43:35 - 
2019-09-30 10:43:35 - select call
2019-09-30 10:43:35 - Array
(
)

2019-09-30 10:43:36 - 
2019-09-30 10:43:36 - select call
2019-09-30 10:43:36 - Array
(
    [$and] => Array
        (
            [0] => Array
                (
                    [store_id] => 0
                )

        )

)

2019-09-30 10:43:36 - 
2019-09-30 10:43:36 - select call
2019-09-30 10:43:36 - Array
(
)

2019-09-30 10:43:36 - 
2019-09-30 10:43:36 - select call
2019-09-30 10:43:36 - Array
(
)

2019-09-30 10:43:36 - pass_array
2019-09-30 10:43:36 - [{"$lookup":{"from":"oc_weight_class_description","localField":"weight_class_id","foreignField":"weight_class_id","as":"wcd"}},{"$unwind":"$wcd"},{"$match":{"language_id":1}}]
2019-09-30 10:43:36 - count_array
2019-09-30 10:43:36 - []
2019-09-30 10:43:36 - pass_array
2019-09-30 10:43:36 - [{"$lookup":{"from":"oc_length_class_description","localField":"length_class_id","foreignField":"length_class_id","as":"mcd"}},{"$unwind":"$mcd"},{"$match":{"language_id":1}}]
2019-09-30 10:43:36 - count_array
2019-09-30 10:43:36 - []
2019-09-30 10:43:36 - 
2019-09-30 10:43:36 - select call
2019-09-30 10:43:36 - Array
(
    [$and] => Array
        (
            [0] => Array
                (
                    [type] => openbay
                )

        )

)

2019-09-30 10:43:36 - 
2019-09-30 10:43:36 - select call
2019-09-30 10:43:36 - Array
(
)

