2019-10-03 13:23:09 - call update for : 
2019-10-03 13:23:09 - oc_user
2019-10-03 13:23:09 - Array
(
    [ip] => 127.0.0.1
)

2019-10-03 13:23:11 - call update for : 
2019-10-03 13:23:11 - oc_user
2019-10-03 13:23:11 - Array
(
    [ip] => 127.0.0.1
)

2019-10-03 13:23:11 - call update for : 
2019-10-03 13:23:11 - oc_user
2019-10-03 13:23:11 - Array
(
    [ip] => 127.0.0.1
)

2019-10-03 13:23:12 - call update for : 
2019-10-03 13:23:12 - oc_user
2019-10-03 13:23:12 - Array
(
    [ip] => 127.0.0.1
)

2019-10-03 13:23:18 - call update for : 
2019-10-03 13:23:18 - oc_user
2019-10-03 13:23:18 - Array
(
    [ip] => 127.0.0.1
)

2019-10-03 13:23:22 - call update for : 
2019-10-03 13:23:22 - oc_user
2019-10-03 13:23:22 - Array
(
    [ip] => 127.0.0.1
)

2019-10-03 13:23:25 - call update for : 
2019-10-03 13:23:25 - oc_user
2019-10-03 13:23:25 - Array
(
    [ip] => 127.0.0.1
)

2019-10-03 13:23:29 - call update for : 
2019-10-03 13:23:29 - oc_user
2019-10-03 13:23:29 - Array
(
    [ip] => 127.0.0.1
)

2019-10-03 13:23:34 - call update for : 
2019-10-03 13:23:34 - oc_user
2019-10-03 13:23:34 - Array
(
    [ip] => 127.0.0.1
)

2019-10-03 13:24:49 - call update for : 
2019-10-03 13:24:49 - oc_user
2019-10-03 13:24:49 - Array
(
    [ip] => 127.0.0.1
)

2019-10-03 13:24:55 - call update for : 
2019-10-03 13:24:55 - oc_user
2019-10-03 13:24:55 - Array
(
    [ip] => 127.0.0.1
)

2019-10-03 13:25:16 - call update for : 
2019-10-03 13:25:16 - oc_user
2019-10-03 13:25:16 - Array
(
    [ip] => 127.0.0.1
)

2019-10-03 13:30:47 - call update for : 
2019-10-03 13:30:47 - oc_user
2019-10-03 13:30:47 - Array
(
    [ip] => 127.0.0.1
)

2019-10-03 13:36:57 - call update for : 
2019-10-03 13:36:57 - oc_user
2019-10-03 13:36:57 - Array
(
    [ip] => 127.0.0.1
)

2019-10-03 13:37:03 - call update for : 
2019-10-03 13:37:03 - oc_user
2019-10-03 13:37:03 - Array
(
    [ip] => 127.0.0.1
)

2019-10-03 13:37:37 - call update for : 
2019-10-03 13:37:37 - oc_user
2019-10-03 13:37:37 - Array
(
    [ip] => 127.0.0.1
)

2019-10-03 13:37:53 - call update for : 
2019-10-03 13:37:53 - oc_user
2019-10-03 13:37:53 - Array
(
    [ip] => 127.0.0.1
)

