2019-10-04 5:08:06 - call update for : 
2019-10-04 5:08:06 - oc_user
2019-10-04 5:08:06 - Array
(
    [ip] => 192.168.1.150
)

2019-10-04 5:08:06 - call update for : 
2019-10-04 5:08:06 - oc_user
2019-10-04 5:08:06 - Array
(
    [ip] => 192.168.1.150
)

2019-10-04 5:08:07 - call update for : 
2019-10-04 5:08:07 - oc_user
2019-10-04 5:08:07 - Array
(
    [ip] => 192.168.1.150
)

2019-10-04 5:08:07 - call update for : 
2019-10-04 5:08:07 - oc_user
2019-10-04 5:08:07 - Array
(
    [ip] => 192.168.1.150
)

2019-10-04 5:08:08 - call update for : 
2019-10-04 5:08:08 - oc_user
2019-10-04 5:08:08 - Array
(
    [ip] => 192.168.1.150
)

2019-10-04 5:08:13 - call update for : 
2019-10-04 5:08:13 - oc_user
2019-10-04 5:08:13 - Array
(
    [ip] => 192.168.1.150
)

2019-10-04 5:08:15 - call update for : 
2019-10-04 5:08:15 - oc_user
2019-10-04 5:08:15 - Array
(
    [ip] => 192.168.1.150
)

2019-10-04 5:26:31 - call update for : 
2019-10-04 5:26:31 - oc_user
2019-10-04 5:26:31 - Array
(
    [ip] => 192.168.1.150
)

2019-10-04 6:22:11 - call update for : 
2019-10-04 6:22:11 - oc_user
2019-10-04 6:22:11 - Array
(
    [ip] => 192.168.1.150
)

2019-10-04 6:22:39 - call update for : 
2019-10-04 6:22:39 - oc_user
2019-10-04 6:22:39 - Array
(
    [ip] => 192.168.1.150
)

