2019-09-27 5:51:42 - call update for : 
2019-09-27 5:51:42 - oc_user
2019-09-27 5:51:42 - Array
(
    [ip] => 192.168.1.179
)

2019-09-27 5:51:49 - call update for : 
2019-09-27 5:51:49 - oc_user
2019-09-27 5:51:49 - Array
(
    [ip] => 192.168.1.179
)

2019-09-27 5:51:49 - call update for : 
2019-09-27 5:51:49 - oc_user
2019-09-27 5:51:49 - Array
(
    [ip] => 192.168.1.179
)

2019-09-27 5:52:54 - call update for : 
2019-09-27 5:52:54 - oc_user
2019-09-27 5:52:54 - Array
(
    [ip] => 192.168.1.179
)

2019-09-27 5:53:01 - call update for : 
2019-09-27 5:53:01 - oc_user
2019-09-27 5:53:01 - Array
(
    [ip] => 192.168.1.179
)

2019-09-27 5:53:08 - call update for : 
2019-09-27 5:53:08 - oc_user
2019-09-27 5:53:08 - Array
(
    [ip] => 192.168.1.179
)

2019-09-27 5:56:40 - call update for : 
2019-09-27 5:56:40 - oc_user
2019-09-27 5:56:40 - Array
(
    [ip] => 192.168.1.179
)

2019-09-27 10:18:21 - call update for : 
2019-09-27 10:18:21 - oc_user
2019-09-27 10:18:21 - Array
(
    [ip] => 192.168.1.179
)

2019-09-27 10:18:58 - call update for : 
2019-09-27 10:18:58 - oc_user
2019-09-27 10:18:58 - Array
(
    [ip] => 192.168.1.179
)

2019-09-27 10:18:58 - call update for : 
2019-09-27 10:18:58 - oc_user
2019-09-27 10:18:58 - Array
(
    [ip] => 192.168.1.179
)

2019-09-27 10:19:04 - call update for : 
2019-09-27 10:19:04 - oc_user
2019-09-27 10:19:04 - Array
(
    [ip] => 192.168.1.179
)

2019-09-27 10:19:04 - call update for : 
2019-09-27 10:19:04 - oc_user
2019-09-27 10:19:04 - Array
(
    [ip] => 192.168.1.179
)

2019-09-27 10:19:07 - call update for : 
2019-09-27 10:19:07 - oc_user
2019-09-27 10:19:07 - Array
(
    [ip] => 192.168.1.179
)

2019-09-27 10:19:15 - call update for : 
2019-09-27 10:19:15 - oc_user
2019-09-27 10:19:15 - Array
(
    [ip] => 192.168.1.179
)

2019-09-27 10:19:21 - call update for : 
2019-09-27 10:19:21 - oc_user
2019-09-27 10:19:21 - Array
(
    [ip] => 192.168.1.179
)

2019-09-27 10:29:10 - call update for : 
2019-09-27 10:29:10 - oc_user
2019-09-27 10:29:10 - Array
(
    [ip] => 192.168.1.179
)

2019-09-27 10:29:16 - call update for : 
2019-09-27 10:29:16 - oc_user
2019-09-27 10:29:16 - Array
(
    [ip] => 192.168.1.179
)

2019-09-27 10:29:31 - call update for : 
2019-09-27 10:29:31 - oc_user
2019-09-27 10:29:31 - Array
(
    [ip] => 192.168.1.179
)

2019-09-27 10:29:32 - call update for : 
2019-09-27 10:29:32 - oc_user
2019-09-27 10:29:32 - Array
(
    [ip] => 192.168.1.179
)

