2019-09-24 5:43:17 - call update for : 
2019-09-24 5:43:17 - oc_user
2019-09-24 5:43:17 - Array
(
    [ip] => 127.0.0.1
)

2019-09-24 5:43:19 - call update for : 
2019-09-24 5:43:19 - oc_user
2019-09-24 5:43:19 - Array
(
    [ip] => 127.0.0.1
)

2019-09-24 5:43:19 - call update for : 
2019-09-24 5:43:19 - oc_user
2019-09-24 5:43:19 - Array
(
    [ip] => 127.0.0.1
)

2019-09-24 5:43:55 - call update for : 
2019-09-24 5:43:55 - oc_user
2019-09-24 5:43:55 - Array
(
    [ip] => 127.0.0.1
)

2019-09-24 5:43:57 - call update for : 
2019-09-24 5:43:57 - oc_user
2019-09-24 5:43:57 - Array
(
    [ip] => 127.0.0.1
)

2019-09-24 5:43:57 - call update for : 
2019-09-24 5:43:57 - oc_user
2019-09-24 5:43:57 - Array
(
    [ip] => 127.0.0.1
)

2019-09-24 5:48:22 - call update for : 
2019-09-24 5:48:22 - oc_user
2019-09-24 5:48:22 - Array
(
    [ip] => 127.0.0.1
)

2019-09-24 5:48:24 - call update for : 
2019-09-24 5:48:24 - oc_user
2019-09-24 5:48:24 - Array
(
    [ip] => 127.0.0.1
)

2019-09-24 5:48:24 - call update for : 
2019-09-24 5:48:24 - oc_user
2019-09-24 5:48:24 - Array
(
    [ip] => 127.0.0.1
)

2019-09-24 5:48:25 - call update for : 
2019-09-24 5:48:25 - oc_user
2019-09-24 5:48:25 - Array
(
    [ip] => 127.0.0.1
)

2019-09-24 6:57:01 - call update for : 
2019-09-24 6:57:01 - oc_user
2019-09-24 6:57:01 - Array
(
    [ip] => 127.0.0.1
)

2019-09-24 6:57:05 - call update for : 
2019-09-24 6:57:05 - oc_user
2019-09-24 6:57:05 - Array
(
    [ip] => 127.0.0.1
)

2019-09-24 6:57:05 - call update for : 
2019-09-24 6:57:05 - oc_user
2019-09-24 6:57:05 - Array
(
    [ip] => 127.0.0.1
)

2019-09-24 6:57:07 - call update for : 
2019-09-24 6:57:07 - oc_user
2019-09-24 6:57:07 - Array
(
    [ip] => 127.0.0.1
)

2019-09-24 6:57:07 - call update for : 
2019-09-24 6:57:07 - oc_user
2019-09-24 6:57:07 - Array
(
    [ip] => 127.0.0.1
)

2019-09-24 6:57:08 - call update for : 
2019-09-24 6:57:08 - oc_user
2019-09-24 6:57:08 - Array
(
    [ip] => 127.0.0.1
)

2019-09-24 6:57:10 - call update for : 
2019-09-24 6:57:10 - oc_user
2019-09-24 6:57:10 - Array
(
    [ip] => 127.0.0.1
)

2019-09-24 6:57:10 - call update for : 
2019-09-24 6:57:10 - oc_user
2019-09-24 6:57:10 - Array
(
    [ip] => 127.0.0.1
)

2019-09-24 6:57:14 - call update for : 
2019-09-24 6:57:14 - oc_user
2019-09-24 6:57:14 - Array
(
    [ip] => 127.0.0.1
)

2019-09-24 6:57:17 - call update for : 
2019-09-24 6:57:17 - oc_user
2019-09-24 6:57:17 - Array
(
    [ip] => 127.0.0.1
)

2019-09-24 6:57:17 - call update for : 
2019-09-24 6:57:17 - oc_user
2019-09-24 6:57:17 - Array
(
    [ip] => 127.0.0.1
)

