2019-09-03 10:03:26 - 3534
2019-09-03 10:03:26 - Array
(
    [product_id] => 3534
    [opst.store_id] => 541
)

2019-09-03 10:03:26 - Array
(
    [product_id] => 3534
)

2019-09-03 10:03:26 - stdClass Object
(
    [row] => Array
        (
            [0] => Array
                (
                    [_id] => MongoId Object
                        (
                            [$id] => 5d6e39907f8b9a771e320b7a
                        )

                    [product_id] => 3534
                    [user_id] => 851
                    [HSTN] => 31023000
                    [price_tax] => 999
                    [name] => MY
                    [model] => MY
                    [sku] => 99
                    [upc] => 0
                    [ean] => 0
                    [jan] => 0
                    [isbn] => 0
                    [mpn] => 0
                    [location] => 
                    [quantity] => 0
                    [minimum] => 0
                    [subtract] => 1
                    [stock_status_id] => 0
                    [date_available] => MongoDate Object
                        (
                            [sec] => 1567468800
                            [usec] => 0
                        )

                    [manufacturer_id] => 0
                    [shipping] => 0
                    [price] => 951.42857142857
                    [points] => 0
                    [weight] => 0
                    [weight_class_id] => 0
                    [length] => 0
                    [width] => 0
                    [height] => 0
                    [length_class_id] => 0
                    [status] => 1
                    [tax_class_id] => 14
                    [tax_class_name] => 
                    [sort_order] => 0
                    [category_ids] => Array
                        (
                            [0] => 44
                            [1] => 22
                        )

                    [category_name] => Array
                        (
                            [0] => 
                        )

                    [company_id] => 
                    [company_name] => 
                    [user_category_id] => 0
                    [user_category_name] => 
                    [gst_change] => 0
                    [product_description] => Array
                        (
                            [1] => Array
                                (
                                    [name] => MY
                                    [description] => my
                                    [tag] => my
                                    [meta_title] => my
                                    [meta_description] => my
                                    [meta_keyword] => my
                                    [meta_hindi] => my
                                )

                        )

                    [date_added] => MongoDate Object
                        (
                            [sec] => 1567504784
                            [usec] => 0
                        )

                    [opst] => Array
                        (
                            [_id] => MongoId Object
                                (
                                    [$id] => 5d6e39907f8b9a771e320b7e
                                )

                            [product_id] => 3534
                            [store_id] => 541
                            [manage_inv] => 1
                            [quantity] => 0
                            [store_price] => 951.42857142857
                            [store_tax_type] => 
                            [store_tax_amt] => 47.571428571429
                            [MOD_DATE] => MongoDate Object
                                (
                                    [sec] => 1567504784
                                    [usec] => 0
                                )

                        )

                )

        )

    [rows] => Array
        (
            [0] => Array
                (
                    [_id] => MongoId Object
                        (
                            [$id] => 5d6e39907f8b9a771e320b7a
                        )

                    [product_id] => 3534
                    [user_id] => 851
                    [HSTN] => 31023000
                    [price_tax] => 999
                    [name] => MY
                    [model] => MY
                    [sku] => 99
                    [upc] => 0
                    [ean] => 0
                    [jan] => 0
                    [isbn] => 0
                    [mpn] => 0
                    [location] => 
                    [quantity] => 0
                    [minimum] => 0
                    [subtract] => 1
                    [stock_status_id] => 0
                    [date_available] => MongoDate Object
                        (
                            [sec] => 1567468800
                            [usec] => 0
                        )

                    [manufacturer_id] => 0
                    [shipping] => 0
                    [price] => 951.42857142857
                    [points] => 0
                    [weight] => 0
                    [weight_class_id] => 0
                    [length] => 0
                    [width] => 0
                    [height] => 0
                    [length_class_id] => 0
                    [status] => 1
                    [tax_class_id] => 14
                    [tax_class_name] => 
                    [sort_order] => 0
                    [category_ids] => Array
                        (
                            [0] => 44
                            [1] => 22
                        )

                    [category_name] => Array
                        (
                            [0] => 
                        )

                    [company_id] => 
                    [company_name] => 
                    [user_category_id] => 0
                    [user_category_name] => 
                    [gst_change] => 0
                    [product_description] => Array
                        (
                            [1] => Array
                                (
                                    [name] => MY
                                    [description] => my
                                    [tag] => my
                                    [meta_title] => my
                                    [meta_description] => my
                                    [meta_keyword] => my
                                    [meta_hindi] => my
                                )

                        )

                    [date_added] => MongoDate Object
                        (
                            [sec] => 1567504784
                            [usec] => 0
                        )

                    [opst] => Array
                        (
                            [_id] => MongoId Object
                                (
                                    [$id] => 5d6e39907f8b9a771e320b7e
                                )

                            [product_id] => 3534
                            [store_id] => 541
                            [manage_inv] => 1
                            [quantity] => 0
                            [store_price] => 951.42857142857
                            [store_tax_type] => 
                            [store_tax_amt] => 47.571428571429
                            [MOD_DATE] => MongoDate Object
                                (
                                    [sec] => 1567504784
                                    [usec] => 0
                                )

                        )

                )

        )

    [num_rows] => 1
    [total_rows] => 1
)

2019-09-03 10:03:26 - in
