2019-09-03 10:03:27 - 2
2019-09-03 10:03:27 - Array
(
    [order_id] => 14221
    [inv_no] => INV-2019-001
    [total] => 999
    [store_telephone] => 7065196342
    [store_name] => MYSTORE
    [store_owner_name] => MYSTORE
)

2019-09-03 10:03:27 - stdClass Object
(
    [row] => Array
        (
            [_id] => MongoId Object
                (
                    [$id] => 5b166718e13823201e160bb0
                )

            [SID] => 2
            [MESSAGE] => प्रिय किसान भाई # में आने के लिए आपका धन्यवाद् | आशा करते है आपकी फसल अच्छी होगी | आपकी कुल राशि है * |अधिक जानकारी के लिए हमारे नंबर पर कॉल करें | $
            [MSG_SHORT] => CASH SALE
            [ACT] => 1
        )

    [rows] => Array
        (
            [0] => Array
                (
                    [_id] => MongoId Object
                        (
                            [$id] => 5b166718e13823201e160bb0
                        )

                    [SID] => 2
                    [MESSAGE] => प्रिय किसान भाई # में आने के लिए आपका धन्यवाद् | आशा करते है आपकी फसल अच्छी होगी | आपकी कुल राशि है * |अधिक जानकारी के लिए हमारे नंबर पर कॉल करें | $
                    [MSG_SHORT] => CASH SALE
                    [ACT] => 1
                )

        )

    [num_rows] => 1
    [total_rows] => 0
)

2019-09-03 10:03:27 - Array
(
    [User] => akshamaala4
    [passwd] => akshamaala4
    [sid] => UNNATI
    [mobilenumber] => 7056196342
    [priority] => 1
    [dnd] => 1
    [unicode] => 1
    [DR] => Y
    [Mtype] => OL
    [message] => 092a094d0930093f092f00200915093f0938093e09280020092d093e09080020004d005900530054004f005200450020092e09470902002009060928094700200915094700200932093f090f00200906092a0915093e002009270928094d092f0935093e0926094d0020007c002009060936093e0020091509300924094700200939094800200906092a091509400020092b0938093200200905091a094d091b094000200939094b091709400020007c00200906092a09150940002009150941093200200930093e0936093f00200939094800200039003900390020007c09050927093f09150020091c093e09280915093e0930094000200915094700200932093f090f00200939092e093e09300947002009280902092c09300020092a09300020091509490932002009150930094709020020007c00200037003000360035003100390036003300340032
)

2019-09-03 10:03:27 - before curl start
2019-09-03 10:03:28 - response from curl
2019-09-03 10:03:28 - 2210687293
2019-09-03 10:03:28 - 2210687293
2019-09-03 10:03:28 - 2210687293
2019-09-03 10:03:28 - 2210687293
