2019-09-03 9:42:19 - Array
(
    [username] => 6718f9dd327f24bf625ad466343773ac
    [vid] => ff87ec2e173e1f1b1d1df006da086c96
)

2019-09-03 9:42:19 - Array
(
    [username] => 851
    [vid] => 1.13
)

2019-09-03 9:42:19 - going to play store
2019-09-03 9:42:19 - 1.13
2019-09-03 9:44:58 - Array
(
    [username] => 6718f9dd327f24bf625ad466343773ac
    [vid] => ff87ec2e173e1f1b1d1df006da086c96
)

2019-09-03 9:44:58 - Array
(
    [username] => 851
    [vid] => 1.13
)

2019-09-03 9:44:58 - going to play store
2019-09-03 9:44:58 - 1.13
2019-09-03 9:45:36 - Array
(
    [username] => 6718f9dd327f24bf625ad466343773ac
    [vid] => ff87ec2e173e1f1b1d1df006da086c96
)

2019-09-03 9:45:36 - Array
(
    [username] => 851
    [vid] => 1.13
)

2019-09-03 9:45:36 - going to play store
2019-09-03 9:45:36 - 1.13
2019-09-03 9:52:27 - Array
(
    [username] => 6718f9dd327f24bf625ad466343773ac
    [vid] => ff87ec2e173e1f1b1d1df006da086c96
)

2019-09-03 9:52:27 - Array
(
    [username] => 851
    [vid] => 1.13
)

2019-09-03 9:52:27 - going to play store
2019-09-03 9:52:27 - 1.13
2019-09-03 9:55:50 - Array
(
    [username] => 6718f9dd327f24bf625ad466343773ac
    [vid] => ff87ec2e173e1f1b1d1df006da086c96
)

2019-09-03 9:55:50 - Array
(
    [username] => 851
    [vid] => 1.13
)

2019-09-03 9:55:50 - going to play store
2019-09-03 9:55:50 - 1.13
2019-09-03 9:57:37 - Array
(
    [username] => 6718f9dd327f24bf625ad466343773ac
    [vid] => ff87ec2e173e1f1b1d1df006da086c96
)

2019-09-03 9:57:37 - Array
(
    [username] => 851
    [vid] => 1.13
)

2019-09-03 9:57:37 - going to play store
2019-09-03 9:57:37 - 1.13
2019-09-03 9:59:56 - Array
(
    [username] => 6718f9dd327f24bf625ad466343773ac
    [vid] => ff87ec2e173e1f1b1d1df006da086c96
)

2019-09-03 9:59:56 - Array
(
    [username] => 851
    [vid] => 1.13
)

2019-09-03 9:59:56 - going to play store
2019-09-03 9:59:56 - 1.13
2019-09-03 10:02:29 - Array
(
    [username] => 6718f9dd327f24bf625ad466343773ac
    [vid] => ff87ec2e173e1f1b1d1df006da086c96
)

2019-09-03 10:02:29 - Array
(
    [username] => 851
    [vid] => 1.13
)

2019-09-03 10:02:29 - going to play store
2019-09-03 10:02:29 - 1.13
2019-09-03 10:03:58 - Array
(
    [username] => 6718f9dd327f24bf625ad466343773ac
    [vid] => ff87ec2e173e1f1b1d1df006da086c96
)

2019-09-03 10:03:58 - Array
(
    [username] => 851
    [vid] => 1.13
)

2019-09-03 10:03:58 - going to play store
2019-09-03 10:03:58 - 1.13
2019-09-03 10:06:09 - Array
(
    [username] => 6718f9dd327f24bf625ad466343773ac
    [vid] => ff87ec2e173e1f1b1d1df006da086c96
)

2019-09-03 10:06:09 - Array
(
    [username] => 851
    [vid] => 1.13
)

2019-09-03 10:06:09 - going to play store
2019-09-03 10:06:09 - 1.13
2019-09-03 10:14:01 - Array
(
    [username] => 6718f9dd327f24bf625ad466343773ac
    [vid] => ff87ec2e173e1f1b1d1df006da086c96
)

2019-09-03 10:14:01 - Array
(
    [username] => 851
    [vid] => 1.13
)

2019-09-03 10:14:01 - going to play store
2019-09-03 10:14:01 - 1.13
2019-09-03 10:14:12 - Array
(
    [username] => 6718f9dd327f24bf625ad466343773ac
    [vid] => ff87ec2e173e1f1b1d1df006da086c96
)

2019-09-03 10:14:12 - Array
(
    [username] => 851
    [vid] => 1.13
)

2019-09-03 10:14:12 - going to play store
2019-09-03 10:14:12 - 1.13
2019-09-03 10:14:35 - Array
(
    [username] => 6718f9dd327f24bf625ad466343773ac
    [vid] => ff87ec2e173e1f1b1d1df006da086c96
)

2019-09-03 10:14:35 - Array
(
    [username] => 851
    [vid] => 1.13
)

2019-09-03 10:14:35 - going to play store
2019-09-03 10:14:35 - 1.13
2019-09-03 10:14:43 - Array
(
    [username] => 6718f9dd327f24bf625ad466343773ac
    [vid] => ff87ec2e173e1f1b1d1df006da086c96
)

2019-09-03 10:14:43 - Array
(
    [username] => 851
    [vid] => 1.13
)

2019-09-03 10:14:43 - going to play store
2019-09-03 10:14:43 - 1.13
2019-09-03 10:14:46 - Array
(
    [username] => 6718f9dd327f24bf625ad466343773ac
    [vid] => ff87ec2e173e1f1b1d1df006da086c96
)

2019-09-03 10:14:46 - Array
(
    [username] => 851
    [vid] => 1.13
)

2019-09-03 10:14:46 - going to play store
2019-09-03 10:14:46 - 1.13
2019-09-03 10:15:01 - Array
(
    [username] => 6718f9dd327f24bf625ad466343773ac
    [vid] => ff87ec2e173e1f1b1d1df006da086c96
)

2019-09-03 10:15:01 - Array
(
    [username] => 851
    [vid] => 1.13
)

2019-09-03 10:15:01 - going to play store
2019-09-03 10:15:01 - 1.13
2019-09-03 10:25:45 - Array
(
    [username] => 6718f9dd327f24bf625ad466343773ac
    [vid] => ff87ec2e173e1f1b1d1df006da086c96
)

2019-09-03 10:25:45 - Array
(
    [username] => 851
    [vid] => 1.13
)

2019-09-03 10:25:45 - going to play store
2019-09-03 10:25:45 - 1.13
2019-09-03 10:38:47 - Array
(
    [username] => 6718f9dd327f24bf625ad466343773ac
    [vid] => ff87ec2e173e1f1b1d1df006da086c96
)

2019-09-03 10:38:47 - Array
(
    [username] => 851
    [vid] => 1.13
)

2019-09-03 10:38:47 - going to play store
2019-09-03 10:38:47 - 1.13
2019-09-03 10:39:05 - Array
(
    [username] => 6718f9dd327f24bf625ad466343773ac
    [vid] => ff87ec2e173e1f1b1d1df006da086c96
)

2019-09-03 10:39:05 - Array
(
    [username] => 851
    [vid] => 1.13
)

2019-09-03 10:39:05 - going to play store
2019-09-03 10:39:05 - 1.13
2019-09-03 10:39:41 - Array
(
    [username] => 6718f9dd327f24bf625ad466343773ac
    [vid] => ff87ec2e173e1f1b1d1df006da086c96
)

2019-09-03 10:39:41 - Array
(
    [username] => 851
    [vid] => 1.13
)

2019-09-03 10:39:41 - going to play store
2019-09-03 10:39:41 - 1.13
2019-09-03 10:45:16 - Array
(
    [username] => 6718f9dd327f24bf625ad466343773ac
    [vid] => ff87ec2e173e1f1b1d1df006da086c96
)

2019-09-03 10:45:16 - Array
(
    [username] => 851
    [vid] => 1.13
)

2019-09-03 10:45:16 - going to play store
2019-09-03 10:45:16 - 1.13
2019-09-03 10:52:13 - Array
(
    [username] => 6718f9dd327f24bf625ad466343773ac
    [vid] => ff87ec2e173e1f1b1d1df006da086c96
)

2019-09-03 10:52:13 - Array
(
    [username] => 851
    [vid] => 1.13
)

2019-09-03 10:52:13 - going to play store
2019-09-03 10:52:13 - 1.13
2019-09-03 11:16:20 - Array
(
    [username] => 6718f9dd327f24bf625ad466343773ac
    [vid] => ff87ec2e173e1f1b1d1df006da086c96
)

2019-09-03 11:16:20 - Array
(
    [username] => 851
    [vid] => 1.13
)

2019-09-03 11:16:20 - going to play store
2019-09-03 11:16:20 - 1.13
2019-09-03 11:18:52 - Array
(
    [username] => 6718f9dd327f24bf625ad466343773ac
    [vid] => ff87ec2e173e1f1b1d1df006da086c96
)

2019-09-03 11:18:52 - Array
(
    [username] => 851
    [vid] => 1.13
)

2019-09-03 11:18:52 - going to play store
2019-09-03 11:18:52 - 1.13
2019-09-03 11:19:43 - Array
(
    [username] => 6718f9dd327f24bf625ad466343773ac
    [vid] => ff87ec2e173e1f1b1d1df006da086c96
)

2019-09-03 11:19:43 - Array
(
    [username] => 851
    [vid] => 1.13
)

2019-09-03 11:19:43 - going to play store
2019-09-03 11:19:43 - 1.13
2019-09-03 11:20:24 - Array
(
    [username] => 6718f9dd327f24bf625ad466343773ac
    [vid] => ff87ec2e173e1f1b1d1df006da086c96
)

2019-09-03 11:20:24 - Array
(
    [username] => 851
    [vid] => 1.13
)

2019-09-03 11:20:24 - going to play store
2019-09-03 11:20:24 - 1.13
2019-09-03 11:22:39 - Array
(
    [username] => 6718f9dd327f24bf625ad466343773ac
    [vid] => ff87ec2e173e1f1b1d1df006da086c96
)

2019-09-03 11:22:39 - Array
(
    [username] => 851
    [vid] => 1.13
)

2019-09-03 11:22:39 - going to play store
2019-09-03 11:22:39 - 1.13
2019-09-03 11:23:34 - Array
(
    [username] => 6718f9dd327f24bf625ad466343773ac
    [vid] => ff87ec2e173e1f1b1d1df006da086c96
)

2019-09-03 11:23:34 - Array
(
    [username] => 851
    [vid] => 1.13
)

2019-09-03 11:23:34 - going to play store
2019-09-03 11:23:34 - 1.13
2019-09-03 11:23:46 - Array
(
    [username] => 6718f9dd327f24bf625ad466343773ac
    [vid] => ff87ec2e173e1f1b1d1df006da086c96
)

2019-09-03 11:23:46 - Array
(
    [username] => 851
    [vid] => 1.13
)

2019-09-03 11:23:46 - going to play store
2019-09-03 11:23:46 - 1.13
2019-09-03 11:23:58 - Array
(
    [username] => 6718f9dd327f24bf625ad466343773ac
    [vid] => ff87ec2e173e1f1b1d1df006da086c96
)

2019-09-03 11:23:58 - Array
(
    [username] => 851
    [vid] => 1.13
)

2019-09-03 11:23:58 - going to play store
2019-09-03 11:23:58 - 1.13
2019-09-03 11:25:34 - Array
(
    [username] => 6718f9dd327f24bf625ad466343773ac
    [vid] => ff87ec2e173e1f1b1d1df006da086c96
)

2019-09-03 11:25:34 - Array
(
    [username] => 851
    [vid] => 1.13
)

2019-09-03 11:25:34 - going to play store
2019-09-03 11:25:34 - 1.13
2019-09-03 11:27:41 - Array
(
    [username] => 6718f9dd327f24bf625ad466343773ac
    [vid] => ff87ec2e173e1f1b1d1df006da086c96
)

2019-09-03 11:27:41 - Array
(
    [username] => 851
    [vid] => 1.13
)

2019-09-03 11:27:41 - going to play store
2019-09-03 11:27:41 - 1.13
2019-09-03 11:29:11 - Array
(
    [username] => 6718f9dd327f24bf625ad466343773ac
    [vid] => ff87ec2e173e1f1b1d1df006da086c96
)

2019-09-03 11:29:11 - Array
(
    [username] => 851
    [vid] => 1.13
)

2019-09-03 11:29:11 - going to play store
2019-09-03 11:29:11 - 1.13
2019-09-03 11:29:53 - Array
(
    [username] => 6718f9dd327f24bf625ad466343773ac
    [vid] => ff87ec2e173e1f1b1d1df006da086c96
)

2019-09-03 11:29:53 - Array
(
    [username] => 851
    [vid] => 1.13
)

2019-09-03 11:29:53 - going to play store
2019-09-03 11:29:53 - 1.13
2019-09-03 11:31:10 - Array
(
    [username] => 6718f9dd327f24bf625ad466343773ac
    [vid] => ff87ec2e173e1f1b1d1df006da086c96
)

2019-09-03 11:31:10 - Array
(
    [username] => 851
    [vid] => 1.13
)

2019-09-03 11:31:10 - going to play store
2019-09-03 11:31:10 - 1.13
2019-09-03 11:32:44 - Array
(
    [username] => 6718f9dd327f24bf625ad466343773ac
    [vid] => ff87ec2e173e1f1b1d1df006da086c96
)

2019-09-03 11:32:44 - Array
(
    [username] => 851
    [vid] => 1.13
)

2019-09-03 11:32:44 - going to play store
2019-09-03 11:32:44 - 1.13
2019-09-03 11:52:10 - Array
(
    [username] => 6718f9dd327f24bf625ad466343773ac
    [vid] => ff87ec2e173e1f1b1d1df006da086c96
)

2019-09-03 11:52:10 - Array
(
    [username] => 851
    [vid] => 1.13
)

2019-09-03 11:52:10 - going to play store
2019-09-03 11:52:10 - 1.13
2019-09-03 11:54:54 - Array
(
    [username] => 6718f9dd327f24bf625ad466343773ac
    [vid] => ff87ec2e173e1f1b1d1df006da086c96
)

2019-09-03 11:54:54 - Array
(
    [username] => 851
    [vid] => 1.13
)

2019-09-03 11:54:54 - going to play store
2019-09-03 11:54:54 - 1.13
2019-09-03 11:59:08 - Array
(
    [username] => 6718f9dd327f24bf625ad466343773ac
    [vid] => ff87ec2e173e1f1b1d1df006da086c96
)

2019-09-03 11:59:08 - Array
(
    [username] => 851
    [vid] => 1.13
)

2019-09-03 11:59:08 - going to play store
2019-09-03 11:59:08 - 1.13
2019-09-03 11:59:31 - Array
(
    [username] => 6718f9dd327f24bf625ad466343773ac
    [vid] => ff87ec2e173e1f1b1d1df006da086c96
)

2019-09-03 11:59:31 - Array
(
    [username] => 851
    [vid] => 1.13
)

2019-09-03 11:59:31 - going to play store
2019-09-03 11:59:31 - 1.13
2019-09-03 11:59:46 - Array
(
    [username] => 6718f9dd327f24bf625ad466343773ac
    [vid] => ff87ec2e173e1f1b1d1df006da086c96
)

2019-09-03 11:59:46 - Array
(
    [username] => 851
    [vid] => 1.13
)

2019-09-03 11:59:46 - going to play store
2019-09-03 11:59:46 - 1.13
2019-09-03 12:02:11 - Array
(
    [username] => 6718f9dd327f24bf625ad466343773ac
    [vid] => ff87ec2e173e1f1b1d1df006da086c96
)

2019-09-03 12:02:11 - Array
(
    [username] => 851
    [vid] => 1.13
)

2019-09-03 12:02:11 - going to play store
2019-09-03 12:02:11 - 1.13
2019-09-03 12:04:18 - Array
(
    [username] => 6718f9dd327f24bf625ad466343773ac
    [vid] => ff87ec2e173e1f1b1d1df006da086c96
)

2019-09-03 12:04:18 - Array
(
    [username] => 851
    [vid] => 1.13
)

2019-09-03 12:04:18 - going to play store
2019-09-03 12:04:18 - 1.13
2019-09-03 12:04:45 - Array
(
    [username] => 6718f9dd327f24bf625ad466343773ac
    [vid] => ff87ec2e173e1f1b1d1df006da086c96
)

2019-09-03 12:04:45 - Array
(
    [username] => 851
    [vid] => 1.13
)

2019-09-03 12:04:45 - going to play store
2019-09-03 12:04:45 - 1.13
2019-09-03 12:05:26 - Array
(
    [username] => 6718f9dd327f24bf625ad466343773ac
    [vid] => ff87ec2e173e1f1b1d1df006da086c96
)

2019-09-03 12:05:26 - Array
(
    [username] => 851
    [vid] => 1.13
)

2019-09-03 12:05:26 - going to play store
2019-09-03 12:05:26 - 1.13
2019-09-03 12:06:17 - Array
(
    [username] => 6718f9dd327f24bf625ad466343773ac
    [vid] => ff87ec2e173e1f1b1d1df006da086c96
)

2019-09-03 12:06:17 - Array
(
    [username] => 851
    [vid] => 1.13
)

2019-09-03 12:06:17 - going to play store
2019-09-03 12:06:17 - 1.13
2019-09-03 12:07:14 - Array
(
    [username] => 6718f9dd327f24bf625ad466343773ac
    [vid] => ff87ec2e173e1f1b1d1df006da086c96
)

2019-09-03 12:07:14 - Array
(
    [username] => 851
    [vid] => 1.13
)

2019-09-03 12:07:14 - going to play store
2019-09-03 12:07:14 - 1.13
2019-09-03 12:07:23 - Array
(
    [username] => 6718f9dd327f24bf625ad466343773ac
    [vid] => ff87ec2e173e1f1b1d1df006da086c96
)

2019-09-03 12:07:23 - Array
(
    [username] => 851
    [vid] => 1.13
)

2019-09-03 12:07:23 - going to play store
2019-09-03 12:07:23 - 1.13
2019-09-03 12:08:24 - Array
(
    [username] => 6718f9dd327f24bf625ad466343773ac
    [vid] => ff87ec2e173e1f1b1d1df006da086c96
)

2019-09-03 12:08:24 - Array
(
    [username] => 851
    [vid] => 1.13
)

2019-09-03 12:08:24 - going to play store
2019-09-03 12:08:24 - 1.13
2019-09-03 12:08:52 - Array
(
    [username] => 6718f9dd327f24bf625ad466343773ac
    [vid] => ff87ec2e173e1f1b1d1df006da086c96
)

2019-09-03 12:08:52 - Array
(
    [username] => 851
    [vid] => 1.13
)

2019-09-03 12:08:52 - going to play store
2019-09-03 12:08:52 - 1.13
2019-09-03 12:09:18 - Array
(
    [username] => 6718f9dd327f24bf625ad466343773ac
    [vid] => ff87ec2e173e1f1b1d1df006da086c96
)

2019-09-03 12:09:18 - Array
(
    [username] => 851
    [vid] => 1.13
)

2019-09-03 12:09:18 - going to play store
2019-09-03 12:09:18 - 1.13
2019-09-03 12:10:23 - Array
(
    [username] => 6718f9dd327f24bf625ad466343773ac
    [vid] => ff87ec2e173e1f1b1d1df006da086c96
)

2019-09-03 12:10:23 - Array
(
    [username] => 851
    [vid] => 1.13
)

2019-09-03 12:10:23 - going to play store
2019-09-03 12:10:23 - 1.13
2019-09-03 12:12:23 - Array
(
    [username] => 6718f9dd327f24bf625ad466343773ac
    [vid] => ff87ec2e173e1f1b1d1df006da086c96
)

2019-09-03 12:12:23 - Array
(
    [username] => 851
    [vid] => 1.13
)

2019-09-03 12:12:23 - going to play store
2019-09-03 12:12:23 - 1.13
2019-09-03 12:13:44 - Array
(
    [username] => 6718f9dd327f24bf625ad466343773ac
    [vid] => ff87ec2e173e1f1b1d1df006da086c96
)

2019-09-03 12:13:44 - Array
(
    [username] => 851
    [vid] => 1.13
)

2019-09-03 12:13:44 - going to play store
2019-09-03 12:13:44 - 1.13
2019-09-03 12:17:21 - Array
(
    [username] => 6718f9dd327f24bf625ad466343773ac
    [vid] => ff87ec2e173e1f1b1d1df006da086c96
)

2019-09-03 12:17:21 - Array
(
    [username] => 851
    [vid] => 1.13
)

2019-09-03 12:17:21 - going to play store
2019-09-03 12:17:21 - 1.13
2019-09-03 12:17:48 - Array
(
    [username] => 6718f9dd327f24bf625ad466343773ac
    [vid] => ff87ec2e173e1f1b1d1df006da086c96
)

2019-09-03 12:17:48 - Array
(
    [username] => 851
    [vid] => 1.13
)

2019-09-03 12:17:48 - going to play store
2019-09-03 12:17:48 - 1.13
2019-09-03 12:18:00 - Array
(
    [username] => 6718f9dd327f24bf625ad466343773ac
    [vid] => ff87ec2e173e1f1b1d1df006da086c96
)

2019-09-03 12:18:00 - Array
(
    [username] => 851
    [vid] => 1.13
)

2019-09-03 12:18:00 - going to play store
2019-09-03 12:18:00 - 1.13
2019-09-03 12:18:11 - Array
(
    [username] => 6718f9dd327f24bf625ad466343773ac
    [vid] => ff87ec2e173e1f1b1d1df006da086c96
)

2019-09-03 12:18:12 - Array
(
    [username] => 851
    [vid] => 1.13
)

2019-09-03 12:18:12 - going to play store
2019-09-03 12:18:12 - 1.13
2019-09-03 12:18:39 - Array
(
    [username] => 6718f9dd327f24bf625ad466343773ac
    [vid] => ff87ec2e173e1f1b1d1df006da086c96
)

2019-09-03 12:18:39 - Array
(
    [username] => 851
    [vid] => 1.13
)

2019-09-03 12:18:39 - going to play store
2019-09-03 12:18:39 - 1.13
